{"D:\\Dev\\APILemonMaze\\main.js": {"path":"D:\\Dev\\APILemonMaze\\main.js","statementMap":{"0":{"start":{"line":1,"column":16},"end":{"line":1,"column":34}},"1":{"start":{"line":2,"column":18},"end":{"line":2,"column":47}},"2":{"start":{"line":3,"column":21},"end":{"line":3,"column":45}},"3":{"start":{"line":4,"column":13},"end":{"line":4,"column":28}},"4":{"start":{"line":5,"column":11},"end":{"line":5,"column":41}},"5":{"start":{"line":6,"column":12},"end":{"line":6,"column":21}},"6":{"start":{"line":8,"column":0},"end":{"line":8,"column":16}},"7":{"start":{"line":9,"column":0},"end":{"line":9,"column":24}},"8":{"start":{"line":10,"column":19},"end":{"line":10,"column":58}},"9":{"start":{"line":11,"column":21},"end":{"line":11,"column":62}},"10":{"start":{"line":12,"column":20},"end":{"line":12,"column":60}},"11":{"start":{"line":13,"column":19},"end":{"line":13,"column":58}},"12":{"start":{"line":14,"column":19},"end":{"line":14,"column":50}},"13":{"start":{"line":15,"column":19},"end":{"line":15,"column":50}},"14":{"start":{"line":16,"column":19},"end":{"line":16,"column":50}},"15":{"start":{"line":17,"column":20},"end":{"line":17,"column":53}},"16":{"start":{"line":18,"column":20},"end":{"line":18,"column":53}},"17":{"start":{"line":19,"column":22},"end":{"line":19,"column":59}},"18":{"start":{"line":20,"column":20},"end":{"line":20,"column":53}},"19":{"start":{"line":21,"column":0},"end":{"line":21,"column":139}},"20":{"start":{"line":24,"column":16},"end":{"line":46,"column":1}},"21":{"start":{"line":48,"column":14},"end":{"line":48,"column":35}},"22":{"start":{"line":49,"column":0},"end":{"line":49,"column":62}},"23":{"start":{"line":55,"column":0},"end":{"line":59,"column":3}},"24":{"start":{"line":56,"column":2},"end":{"line":58,"column":5}},"25":{"start":{"line":65,"column":2},"end":{"line":81,"column":3}},"26":{"start":{"line":67,"column":15},"end":{"line":67,"column":59}},"27":{"start":{"line":69,"column":4},"end":{"line":77,"column":5}},"28":{"start":{"line":71,"column":19},"end":{"line":71,"column":43}},"29":{"start":{"line":72,"column":6},"end":{"line":74,"column":9}},"30":{"start":{"line":73,"column":8},"end":{"line":73,"column":72}},"31":{"start":{"line":76,"column":6},"end":{"line":76,"column":67}},"32":{"start":{"line":79,"column":4},"end":{"line":79,"column":98}},"33":{"start":{"line":80,"column":4},"end":{"line":80,"column":20}},"34":{"start":{"line":85,"column":0},"end":{"line":85,"column":14}},"35":{"start":{"line":87,"column":0},"end":{"line":87,"column":21}}},"fnMap":{"0":{"name":"(anonymous_0)","decl":{"start":{"line":55,"column":13},"end":{"line":55,"column":14}},"loc":{"start":{"line":55,"column":27},"end":{"line":59,"column":1}},"line":55},"1":{"name":"startServer","decl":{"start":{"line":64,"column":15},"end":{"line":64,"column":26}},"loc":{"start":{"line":64,"column":29},"end":{"line":82,"column":1}},"line":64},"2":{"name":"(anonymous_2)","decl":{"start":{"line":72,"column":23},"end":{"line":72,"column":24}},"loc":{"start":{"line":72,"column":29},"end":{"line":74,"column":7}},"line":72}},"branchMap":{"0":{"loc":{"start":{"line":69,"column":4},"end":{"line":77,"column":5}},"type":"if","locations":[{"start":{"line":69,"column":4},"end":{"line":77,"column":5}},{"start":{"line":75,"column":11},"end":{"line":77,"column":5}}],"line":69},"1":{"loc":{"start":{"line":71,"column":19},"end":{"line":71,"column":43}},"type":"binary-expr","locations":[{"start":{"line":71,"column":19},"end":{"line":71,"column":35}},{"start":{"line":71,"column":39},"end":{"line":71,"column":43}}],"line":71}},"s":{"0":1,"1":1,"2":1,"3":1,"4":1,"5":1,"6":1,"7":1,"8":1,"9":1,"10":1,"11":1,"12":1,"13":1,"14":1,"15":1,"16":1,"17":1,"18":1,"19":1,"20":1,"21":1,"22":1,"23":1,"24":0,"25":1,"26":1,"27":1,"28":1,"29":1,"30":0,"31":0,"32":0,"33":0,"34":1,"35":1},"f":{"0":0,"1":1,"2":0},"b":{"0":[1,0],"1":[1,1]},"_coverageSchema":"1a1c01bbd47fc00a2c39e90264f33305004495a9","hash":"0d8758e289872fccd4e5ac27ac5f49f8aa30fc8a"}
,"D:\\Dev\\APILemonMaze\\database\\database.js": {"path":"D:\\Dev\\APILemonMaze\\database\\database.js","statementMap":{"0":{"start":{"line":1,"column":14},"end":{"line":1,"column":39}},"1":{"start":{"line":2,"column":15},"end":{"line":2,"column":32}},"2":{"start":{"line":5,"column":9},"end":{"line":5,"column":13}},"3":{"start":{"line":8,"column":2},"end":{"line":22,"column":3}},"4":{"start":{"line":9,"column":4},"end":{"line":16,"column":7}},"5":{"start":{"line":17,"column":4},"end":{"line":17,"column":58}},"6":{"start":{"line":19,"column":4},"end":{"line":19,"column":64}},"7":{"start":{"line":20,"column":4},"end":{"line":20,"column":25}},"8":{"start":{"line":21,"column":4},"end":{"line":21,"column":20}},"9":{"start":{"line":26,"column":2},"end":{"line":28,"column":3}},"10":{"start":{"line":27,"column":4},"end":{"line":27,"column":30}},"11":{"start":{"line":29,"column":2},"end":{"line":29,"column":12}},"12":{"start":{"line":32,"column":0},"end":{"line":34,"column":2}}},"fnMap":{"0":{"name":"connectToDatabase","decl":{"start":{"line":7,"column":15},"end":{"line":7,"column":32}},"loc":{"start":{"line":7,"column":35},"end":{"line":23,"column":1}},"line":7},"1":{"name":"getDB","decl":{"start":{"line":25,"column":15},"end":{"line":25,"column":20}},"loc":{"start":{"line":25,"column":23},"end":{"line":30,"column":1}},"line":25}},"branchMap":{"0":{"loc":{"start":{"line":26,"column":2},"end":{"line":28,"column":3}},"type":"if","locations":[{"start":{"line":26,"column":2},"end":{"line":28,"column":3}},{"start":{},"end":{}}],"line":26}},"s":{"0":1,"1":1,"2":1,"3":2,"4":2,"5":2,"6":0,"7":0,"8":0,"9":3,"10":2,"11":3,"12":1},"f":{"0":2,"1":3},"b":{"0":[2,1]},"_coverageSchema":"1a1c01bbd47fc00a2c39e90264f33305004495a9","hash":"9223d21d22fd875746d0ba506f245b27f0e0ebd6"}
,"D:\\Dev\\APILemonMaze\\route\\citron\\citronbleu.js": {"path":"D:\\Dev\\APILemonMaze\\route\\citron\\citronbleu.js","statementMap":{"0":{"start":{"line":1,"column":18},"end":{"line":1,"column":52}},"1":{"start":{"line":2,"column":16},"end":{"line":2,"column":34}},"2":{"start":{"line":3,"column":15},"end":{"line":3,"column":31}},"3":{"start":{"line":45,"column":0},"end":{"line":65,"column":5}},"4":{"start":{"line":46,"column":19},"end":{"line":46,"column":34}},"5":{"start":{"line":47,"column":19},"end":{"line":47,"column":34}},"6":{"start":{"line":49,"column":4},"end":{"line":64,"column":5}},"7":{"start":{"line":50,"column":17},"end":{"line":50,"column":30}},"8":{"start":{"line":52,"column":21},"end":{"line":52,"column":82}},"9":{"start":{"line":53,"column":6},"end":{"line":55,"column":7}},"10":{"start":{"line":54,"column":8},"end":{"line":54,"column":91}},"11":{"start":{"line":58,"column":6},"end":{"line":58,"column":101}},"12":{"start":{"line":60,"column":6},"end":{"line":60,"column":89}},"13":{"start":{"line":62,"column":6},"end":{"line":62,"column":27}},"14":{"start":{"line":63,"column":6},"end":{"line":63,"column":97}},"15":{"start":{"line":108,"column":0},"end":{"line":128,"column":5}},"16":{"start":{"line":109,"column":19},"end":{"line":109,"column":34}},"17":{"start":{"line":110,"column":19},"end":{"line":110,"column":34}},"18":{"start":{"line":112,"column":4},"end":{"line":127,"column":5}},"19":{"start":{"line":113,"column":17},"end":{"line":113,"column":30}},"20":{"start":{"line":115,"column":21},"end":{"line":115,"column":82}},"21":{"start":{"line":116,"column":6},"end":{"line":118,"column":7}},"22":{"start":{"line":117,"column":8},"end":{"line":117,"column":91}},"23":{"start":{"line":121,"column":6},"end":{"line":121,"column":101}},"24":{"start":{"line":123,"column":6},"end":{"line":123,"column":89}},"25":{"start":{"line":125,"column":6},"end":{"line":125,"column":27}},"26":{"start":{"line":126,"column":6},"end":{"line":126,"column":97}},"27":{"start":{"line":132,"column":0},"end":{"line":132,"column":24}}},"fnMap":{"0":{"name":"(anonymous_0)","decl":{"start":{"line":45,"column":35},"end":{"line":45,"column":36}},"loc":{"start":{"line":45,"column":55},"end":{"line":65,"column":3}},"line":45},"1":{"name":"(anonymous_1)","decl":{"start":{"line":108,"column":32},"end":{"line":108,"column":33}},"loc":{"start":{"line":108,"column":52},"end":{"line":128,"column":3}},"line":108}},"branchMap":{"0":{"loc":{"start":{"line":53,"column":6},"end":{"line":55,"column":7}},"type":"if","locations":[{"start":{"line":53,"column":6},"end":{"line":55,"column":7}},{"start":{},"end":{}}],"line":53},"1":{"loc":{"start":{"line":116,"column":6},"end":{"line":118,"column":7}},"type":"if","locations":[{"start":{"line":116,"column":6},"end":{"line":118,"column":7}},{"start":{},"end":{}}],"line":116}},"s":{"0":1,"1":1,"2":1,"3":1,"4":0,"5":0,"6":0,"7":0,"8":0,"9":0,"10":0,"11":0,"12":0,"13":0,"14":0,"15":1,"16":0,"17":0,"18":0,"19":0,"20":0,"21":0,"22":0,"23":0,"24":0,"25":0,"26":0,"27":1},"f":{"0":0,"1":0},"b":{"0":[0,0],"1":[0,0]},"_coverageSchema":"1a1c01bbd47fc00a2c39e90264f33305004495a9","hash":"7b915b0099dd8d128bec68e90c6cbe03fd8f9fc9"}
,"D:\\Dev\\APILemonMaze\\route\\citron\\citronorange.js": {"path":"D:\\Dev\\APILemonMaze\\route\\citron\\citronorange.js","statementMap":{"0":{"start":{"line":1,"column":18},"end":{"line":1,"column":52}},"1":{"start":{"line":2,"column":16},"end":{"line":2,"column":34}},"2":{"start":{"line":3,"column":15},"end":{"line":3,"column":31}},"3":{"start":{"line":45,"column":0},"end":{"line":65,"column":5}},"4":{"start":{"line":46,"column":19},"end":{"line":46,"column":34}},"5":{"start":{"line":47,"column":19},"end":{"line":47,"column":34}},"6":{"start":{"line":49,"column":4},"end":{"line":64,"column":5}},"7":{"start":{"line":50,"column":17},"end":{"line":50,"column":30}},"8":{"start":{"line":52,"column":21},"end":{"line":52,"column":82}},"9":{"start":{"line":53,"column":6},"end":{"line":55,"column":7}},"10":{"start":{"line":54,"column":8},"end":{"line":54,"column":91}},"11":{"start":{"line":58,"column":6},"end":{"line":58,"column":105}},"12":{"start":{"line":60,"column":6},"end":{"line":60,"column":91}},"13":{"start":{"line":62,"column":6},"end":{"line":62,"column":27}},"14":{"start":{"line":63,"column":6},"end":{"line":63,"column":99}},"15":{"start":{"line":108,"column":0},"end":{"line":128,"column":5}},"16":{"start":{"line":109,"column":19},"end":{"line":109,"column":34}},"17":{"start":{"line":110,"column":19},"end":{"line":110,"column":34}},"18":{"start":{"line":112,"column":4},"end":{"line":127,"column":5}},"19":{"start":{"line":113,"column":17},"end":{"line":113,"column":30}},"20":{"start":{"line":115,"column":21},"end":{"line":115,"column":82}},"21":{"start":{"line":116,"column":6},"end":{"line":118,"column":7}},"22":{"start":{"line":117,"column":8},"end":{"line":117,"column":91}},"23":{"start":{"line":121,"column":6},"end":{"line":121,"column":105}},"24":{"start":{"line":123,"column":6},"end":{"line":123,"column":91}},"25":{"start":{"line":125,"column":6},"end":{"line":125,"column":27}},"26":{"start":{"line":126,"column":6},"end":{"line":126,"column":99}},"27":{"start":{"line":132,"column":0},"end":{"line":132,"column":24}}},"fnMap":{"0":{"name":"(anonymous_0)","decl":{"start":{"line":45,"column":37},"end":{"line":45,"column":38}},"loc":{"start":{"line":45,"column":57},"end":{"line":65,"column":3}},"line":45},"1":{"name":"(anonymous_1)","decl":{"start":{"line":108,"column":34},"end":{"line":108,"column":35}},"loc":{"start":{"line":108,"column":54},"end":{"line":128,"column":3}},"line":108}},"branchMap":{"0":{"loc":{"start":{"line":53,"column":6},"end":{"line":55,"column":7}},"type":"if","locations":[{"start":{"line":53,"column":6},"end":{"line":55,"column":7}},{"start":{},"end":{}}],"line":53},"1":{"loc":{"start":{"line":116,"column":6},"end":{"line":118,"column":7}},"type":"if","locations":[{"start":{"line":116,"column":6},"end":{"line":118,"column":7}},{"start":{},"end":{}}],"line":116}},"s":{"0":1,"1":1,"2":1,"3":1,"4":0,"5":0,"6":0,"7":0,"8":0,"9":0,"10":0,"11":0,"12":0,"13":0,"14":0,"15":1,"16":0,"17":0,"18":0,"19":0,"20":0,"21":0,"22":0,"23":0,"24":0,"25":0,"26":0,"27":1},"f":{"0":0,"1":0},"b":{"0":[0,0],"1":[0,0]},"_coverageSchema":"1a1c01bbd47fc00a2c39e90264f33305004495a9","hash":"a32b10dd9e02bbf0b59e004c6871ea951f655969"}
,"D:\\Dev\\APILemonMaze\\route\\citron\\citronrouge.js": {"path":"D:\\Dev\\APILemonMaze\\route\\citron\\citronrouge.js","statementMap":{"0":{"start":{"line":1,"column":18},"end":{"line":1,"column":52}},"1":{"start":{"line":2,"column":16},"end":{"line":2,"column":34}},"2":{"start":{"line":3,"column":15},"end":{"line":3,"column":31}},"3":{"start":{"line":45,"column":0},"end":{"line":65,"column":5}},"4":{"start":{"line":46,"column":19},"end":{"line":46,"column":34}},"5":{"start":{"line":47,"column":19},"end":{"line":47,"column":34}},"6":{"start":{"line":49,"column":4},"end":{"line":64,"column":5}},"7":{"start":{"line":50,"column":17},"end":{"line":50,"column":30}},"8":{"start":{"line":52,"column":21},"end":{"line":52,"column":82}},"9":{"start":{"line":53,"column":6},"end":{"line":55,"column":7}},"10":{"start":{"line":54,"column":8},"end":{"line":54,"column":91}},"11":{"start":{"line":58,"column":6},"end":{"line":58,"column":103}},"12":{"start":{"line":60,"column":6},"end":{"line":60,"column":90}},"13":{"start":{"line":62,"column":6},"end":{"line":62,"column":27}},"14":{"start":{"line":63,"column":6},"end":{"line":63,"column":98}},"15":{"start":{"line":108,"column":0},"end":{"line":128,"column":5}},"16":{"start":{"line":109,"column":19},"end":{"line":109,"column":34}},"17":{"start":{"line":110,"column":19},"end":{"line":110,"column":34}},"18":{"start":{"line":112,"column":4},"end":{"line":127,"column":5}},"19":{"start":{"line":113,"column":17},"end":{"line":113,"column":30}},"20":{"start":{"line":115,"column":21},"end":{"line":115,"column":82}},"21":{"start":{"line":116,"column":6},"end":{"line":118,"column":7}},"22":{"start":{"line":117,"column":8},"end":{"line":117,"column":91}},"23":{"start":{"line":121,"column":6},"end":{"line":121,"column":103}},"24":{"start":{"line":123,"column":6},"end":{"line":123,"column":90}},"25":{"start":{"line":125,"column":6},"end":{"line":125,"column":27}},"26":{"start":{"line":126,"column":6},"end":{"line":126,"column":98}},"27":{"start":{"line":132,"column":0},"end":{"line":132,"column":24}}},"fnMap":{"0":{"name":"(anonymous_0)","decl":{"start":{"line":45,"column":36},"end":{"line":45,"column":37}},"loc":{"start":{"line":45,"column":56},"end":{"line":65,"column":3}},"line":45},"1":{"name":"(anonymous_1)","decl":{"start":{"line":108,"column":33},"end":{"line":108,"column":34}},"loc":{"start":{"line":108,"column":53},"end":{"line":128,"column":3}},"line":108}},"branchMap":{"0":{"loc":{"start":{"line":53,"column":6},"end":{"line":55,"column":7}},"type":"if","locations":[{"start":{"line":53,"column":6},"end":{"line":55,"column":7}},{"start":{},"end":{}}],"line":53},"1":{"loc":{"start":{"line":116,"column":6},"end":{"line":118,"column":7}},"type":"if","locations":[{"start":{"line":116,"column":6},"end":{"line":118,"column":7}},{"start":{},"end":{}}],"line":116}},"s":{"0":1,"1":1,"2":1,"3":1,"4":0,"5":0,"6":0,"7":0,"8":0,"9":0,"10":0,"11":0,"12":0,"13":0,"14":0,"15":1,"16":0,"17":0,"18":0,"19":0,"20":0,"21":0,"22":0,"23":0,"24":0,"25":0,"26":0,"27":1},"f":{"0":0,"1":0},"b":{"0":[0,0],"1":[0,0]},"_coverageSchema":"1a1c01bbd47fc00a2c39e90264f33305004495a9","hash":"29022a04b1705b018164f6687a2e5229b171f5c0"}
,"D:\\Dev\\APILemonMaze\\route\\citron\\citronvert.js": {"path":"D:\\Dev\\APILemonMaze\\route\\citron\\citronvert.js","statementMap":{"0":{"start":{"line":3,"column":4},"end":{"line":3,"column":38}},"1":{"start":{"line":4,"column":16},"end":{"line":4,"column":34}},"2":{"start":{"line":5,"column":15},"end":{"line":5,"column":31}},"3":{"start":{"line":47,"column":0},"end":{"line":76,"column":3}},"4":{"start":{"line":48,"column":17},"end":{"line":48,"column":32}},"5":{"start":{"line":49,"column":17},"end":{"line":49,"column":32}},"6":{"start":{"line":51,"column":2},"end":{"line":75,"column":3}},"7":{"start":{"line":52,"column":15},"end":{"line":52,"column":28}},"8":{"start":{"line":54,"column":19},"end":{"line":54,"column":80}},"9":{"start":{"line":55,"column":4},"end":{"line":60,"column":5}},"10":{"start":{"line":56,"column":6},"end":{"line":59,"column":9}},"11":{"start":{"line":63,"column":4},"end":{"line":63,"column":99}},"12":{"start":{"line":65,"column":4},"end":{"line":68,"column":7}},"13":{"start":{"line":70,"column":4},"end":{"line":70,"column":25}},"14":{"start":{"line":71,"column":4},"end":{"line":74,"column":7}},"15":{"start":{"line":119,"column":0},"end":{"line":148,"column":3}},"16":{"start":{"line":120,"column":17},"end":{"line":120,"column":32}},"17":{"start":{"line":121,"column":17},"end":{"line":121,"column":32}},"18":{"start":{"line":123,"column":2},"end":{"line":147,"column":3}},"19":{"start":{"line":124,"column":15},"end":{"line":124,"column":28}},"20":{"start":{"line":126,"column":19},"end":{"line":126,"column":80}},"21":{"start":{"line":127,"column":4},"end":{"line":132,"column":5}},"22":{"start":{"line":128,"column":6},"end":{"line":131,"column":9}},"23":{"start":{"line":135,"column":4},"end":{"line":135,"column":99}},"24":{"start":{"line":137,"column":4},"end":{"line":140,"column":7}},"25":{"start":{"line":142,"column":4},"end":{"line":142,"column":25}},"26":{"start":{"line":143,"column":4},"end":{"line":146,"column":7}},"27":{"start":{"line":153,"column":0},"end":{"line":153,"column":24}}},"fnMap":{"0":{"name":"(anonymous_0)","decl":{"start":{"line":47,"column":35},"end":{"line":47,"column":36}},"loc":{"start":{"line":47,"column":55},"end":{"line":76,"column":1}},"line":47},"1":{"name":"(anonymous_1)","decl":{"start":{"line":119,"column":32},"end":{"line":119,"column":33}},"loc":{"start":{"line":119,"column":52},"end":{"line":148,"column":1}},"line":119}},"branchMap":{"0":{"loc":{"start":{"line":55,"column":4},"end":{"line":60,"column":5}},"type":"if","locations":[{"start":{"line":55,"column":4},"end":{"line":60,"column":5}},{"start":{},"end":{}}],"line":55},"1":{"loc":{"start":{"line":127,"column":4},"end":{"line":132,"column":5}},"type":"if","locations":[{"start":{"line":127,"column":4},"end":{"line":132,"column":5}},{"start":{},"end":{}}],"line":127}},"s":{"0":1,"1":1,"2":1,"3":1,"4":0,"5":0,"6":0,"7":0,"8":0,"9":0,"10":0,"11":0,"12":0,"13":0,"14":0,"15":1,"16":2,"17":2,"18":2,"19":2,"20":2,"21":2,"22":1,"23":1,"24":1,"25":0,"26":0,"27":1},"f":{"0":0,"1":2},"b":{"0":[0,0],"1":[1,1]},"_coverageSchema":"1a1c01bbd47fc00a2c39e90264f33305004495a9","hash":"0861f9aa6b0bdb5638fa0c4245cc9dd90a27e019"}
,"D:\\Dev\\APILemonMaze\\route\\lieu\\lieu.js": {"path":"D:\\Dev\\APILemonMaze\\route\\lieu\\lieu.js","statementMap":{"0":{"start":{"line":3,"column":4},"end":{"line":3,"column":38}},"1":{"start":{"line":4,"column":16},"end":{"line":4,"column":34}},"2":{"start":{"line":5,"column":15},"end":{"line":5,"column":31}},"3":{"start":{"line":48,"column":0},"end":{"line":63,"column":3}},"4":{"start":{"line":49,"column":2},"end":{"line":62,"column":3}},"5":{"start":{"line":50,"column":15},"end":{"line":50,"column":28}},"6":{"start":{"line":51,"column":20},"end":{"line":51,"column":57}},"7":{"start":{"line":52,"column":4},"end":{"line":55,"column":7}},"8":{"start":{"line":57,"column":4},"end":{"line":57,"column":25}},"9":{"start":{"line":58,"column":4},"end":{"line":61,"column":7}},"10":{"start":{"line":109,"column":0},"end":{"line":131,"column":3}},"11":{"start":{"line":110,"column":17},"end":{"line":110,"column":34}},"12":{"start":{"line":111,"column":2},"end":{"line":130,"column":3}},"13":{"start":{"line":112,"column":15},"end":{"line":112,"column":28}},"14":{"start":{"line":113,"column":19},"end":{"line":113,"column":83}},"15":{"start":{"line":114,"column":4},"end":{"line":119,"column":5}},"16":{"start":{"line":115,"column":6},"end":{"line":118,"column":9}},"17":{"start":{"line":120,"column":4},"end":{"line":123,"column":7}},"18":{"start":{"line":125,"column":4},"end":{"line":125,"column":25}},"19":{"start":{"line":126,"column":4},"end":{"line":129,"column":7}},"20":{"start":{"line":194,"column":0},"end":{"line":234,"column":3}},"21":{"start":{"line":201,"column":6},"end":{"line":201,"column":14}},"22":{"start":{"line":203,"column":2},"end":{"line":233,"column":3}},"23":{"start":{"line":204,"column":15},"end":{"line":204,"column":28}},"24":{"start":{"line":206,"column":20},"end":{"line":206,"column":88}},"25":{"start":{"line":207,"column":4},"end":{"line":212,"column":5}},"26":{"start":{"line":208,"column":6},"end":{"line":211,"column":9}},"27":{"start":{"line":215,"column":21},"end":{"line":215,"column":150}},"28":{"start":{"line":216,"column":19},"end":{"line":216,"column":34}},"29":{"start":{"line":218,"column":4},"end":{"line":226,"column":7}},"30":{"start":{"line":228,"column":4},"end":{"line":228,"column":25}},"31":{"start":{"line":229,"column":4},"end":{"line":232,"column":7}},"32":{"start":{"line":284,"column":0},"end":{"line":326,"column":3}},"33":{"start":{"line":285,"column":17},"end":{"line":285,"column":34}},"34":{"start":{"line":292,"column":6},"end":{"line":292,"column":14}},"35":{"start":{"line":295,"column":2},"end":{"line":300,"column":3}},"36":{"start":{"line":296,"column":4},"end":{"line":299,"column":7}},"37":{"start":{"line":302,"column":2},"end":{"line":325,"column":3}},"38":{"start":{"line":303,"column":15},"end":{"line":303,"column":28}},"39":{"start":{"line":305,"column":19},"end":{"line":305,"column":83}},"40":{"start":{"line":306,"column":4},"end":{"line":311,"column":5}},"41":{"start":{"line":307,"column":6},"end":{"line":310,"column":9}},"42":{"start":{"line":314,"column":4},"end":{"line":314,"column":153}},"43":{"start":{"line":315,"column":4},"end":{"line":318,"column":7}},"44":{"start":{"line":320,"column":4},"end":{"line":320,"column":25}},"45":{"start":{"line":321,"column":4},"end":{"line":324,"column":7}},"46":{"start":{"line":349,"column":0},"end":{"line":375,"column":3}},"47":{"start":{"line":350,"column":17},"end":{"line":350,"column":34}},"48":{"start":{"line":351,"column":2},"end":{"line":374,"column":3}},"49":{"start":{"line":352,"column":15},"end":{"line":352,"column":28}},"50":{"start":{"line":354,"column":19},"end":{"line":354,"column":83}},"51":{"start":{"line":355,"column":4},"end":{"line":360,"column":5}},"52":{"start":{"line":356,"column":6},"end":{"line":359,"column":9}},"53":{"start":{"line":363,"column":4},"end":{"line":363,"column":67}},"54":{"start":{"line":364,"column":4},"end":{"line":367,"column":7}},"55":{"start":{"line":369,"column":4},"end":{"line":369,"column":25}},"56":{"start":{"line":370,"column":4},"end":{"line":373,"column":7}},"57":{"start":{"line":409,"column":0},"end":{"line":428,"column":3}},"58":{"start":{"line":410,"column":2},"end":{"line":427,"column":3}},"59":{"start":{"line":411,"column":15},"end":{"line":411,"column":32}},"60":{"start":{"line":412,"column":15},"end":{"line":412,"column":28}},"61":{"start":{"line":415,"column":4},"end":{"line":415,"column":73}},"62":{"start":{"line":417,"column":4},"end":{"line":420,"column":7}},"63":{"start":{"line":422,"column":4},"end":{"line":422,"column":25}},"64":{"start":{"line":423,"column":4},"end":{"line":426,"column":7}},"65":{"start":{"line":463,"column":0},"end":{"line":482,"column":3}},"66":{"start":{"line":464,"column":2},"end":{"line":481,"column":3}},"67":{"start":{"line":465,"column":15},"end":{"line":465,"column":28}},"68":{"start":{"line":466,"column":15},"end":{"line":466,"column":32}},"69":{"start":{"line":469,"column":4},"end":{"line":469,"column":73}},"70":{"start":{"line":471,"column":4},"end":{"line":474,"column":7}},"71":{"start":{"line":476,"column":4},"end":{"line":476,"column":25}},"72":{"start":{"line":477,"column":4},"end":{"line":480,"column":7}},"73":{"start":{"line":486,"column":0},"end":{"line":486,"column":24}}},"fnMap":{"0":{"name":"(anonymous_0)","decl":{"start":{"line":48,"column":26},"end":{"line":48,"column":27}},"loc":{"start":{"line":48,"column":46},"end":{"line":63,"column":1}},"line":48},"1":{"name":"(anonymous_1)","decl":{"start":{"line":109,"column":36},"end":{"line":109,"column":37}},"loc":{"start":{"line":109,"column":56},"end":{"line":131,"column":1}},"line":109},"2":{"name":"(anonymous_2)","decl":{"start":{"line":194,"column":33},"end":{"line":194,"column":34}},"loc":{"start":{"line":194,"column":53},"end":{"line":234,"column":1}},"line":194},"3":{"name":"(anonymous_3)","decl":{"start":{"line":284,"column":40},"end":{"line":284,"column":41}},"loc":{"start":{"line":284,"column":60},"end":{"line":326,"column":1}},"line":284},"4":{"name":"(anonymous_4)","decl":{"start":{"line":349,"column":43},"end":{"line":349,"column":44}},"loc":{"start":{"line":349,"column":63},"end":{"line":375,"column":1}},"line":349},"5":{"name":"(anonymous_5)","decl":{"start":{"line":409,"column":39},"end":{"line":409,"column":40}},"loc":{"start":{"line":409,"column":59},"end":{"line":428,"column":1}},"line":409},"6":{"name":"(anonymous_6)","decl":{"start":{"line":463,"column":36},"end":{"line":463,"column":37}},"loc":{"start":{"line":463,"column":56},"end":{"line":482,"column":1}},"line":463}},"branchMap":{"0":{"loc":{"start":{"line":114,"column":4},"end":{"line":119,"column":5}},"type":"if","locations":[{"start":{"line":114,"column":4},"end":{"line":119,"column":5}},{"start":{},"end":{}}],"line":114},"1":{"loc":{"start":{"line":207,"column":4},"end":{"line":212,"column":5}},"type":"if","locations":[{"start":{"line":207,"column":4},"end":{"line":212,"column":5}},{"start":{},"end":{}}],"line":207},"2":{"loc":{"start":{"line":295,"column":2},"end":{"line":300,"column":3}},"type":"if","locations":[{"start":{"line":295,"column":2},"end":{"line":300,"column":3}},{"start":{},"end":{}}],"line":295},"3":{"loc":{"start":{"line":295,"column":6},"end":{"line":295,"column":64}},"type":"binary-expr","locations":[{"start":{"line":295,"column":6},"end":{"line":295,"column":10}},{"start":{"line":295,"column":14},"end":{"line":295,"column":18}},{"start":{"line":295,"column":22},"end":{"line":295,"column":27}},{"start":{"line":295,"column":31},"end":{"line":295,"column":51}},{"start":{"line":295,"column":55},"end":{"line":295,"column":64}}],"line":295},"4":{"loc":{"start":{"line":306,"column":4},"end":{"line":311,"column":5}},"type":"if","locations":[{"start":{"line":306,"column":4},"end":{"line":311,"column":5}},{"start":{},"end":{}}],"line":306},"5":{"loc":{"start":{"line":355,"column":4},"end":{"line":360,"column":5}},"type":"if","locations":[{"start":{"line":355,"column":4},"end":{"line":360,"column":5}},{"start":{},"end":{}}],"line":355}},"s":{"0":1,"1":1,"2":1,"3":1,"4":0,"5":0,"6":0,"7":0,"8":0,"9":0,"10":1,"11":0,"12":0,"13":0,"14":0,"15":0,"16":0,"17":0,"18":0,"19":0,"20":1,"21":0,"22":0,"23":0,"24":0,"25":0,"26":0,"27":0,"28":0,"29":0,"30":0,"31":0,"32":1,"33":0,"34":0,"35":0,"36":0,"37":0,"38":0,"39":0,"40":0,"41":0,"42":0,"43":0,"44":0,"45":0,"46":1,"47":0,"48":0,"49":0,"50":0,"51":0,"52":0,"53":0,"54":0,"55":0,"56":0,"57":1,"58":0,"59":0,"60":0,"61":0,"62":0,"63":0,"64":0,"65":1,"66":0,"67":0,"68":0,"69":0,"70":0,"71":0,"72":0,"73":1},"f":{"0":0,"1":0,"2":0,"3":0,"4":0,"5":0,"6":0},"b":{"0":[0,0],"1":[0,0],"2":[0,0],"3":[0,0,0,0,0],"4":[0,0],"5":[0,0]},"_coverageSchema":"1a1c01bbd47fc00a2c39e90264f33305004495a9","hash":"da7e7f25a6a7af550bba14dbea6ae40b89f2bb32"}
,"D:\\Dev\\APILemonMaze\\route\\parkour\\parkour.js": {"path":"D:\\Dev\\APILemonMaze\\route\\parkour\\parkour.js","statementMap":{"0":{"start":{"line":1,"column":18},"end":{"line":1,"column":52}},"1":{"start":{"line":2,"column":16},"end":{"line":2,"column":34}},"2":{"start":{"line":3,"column":15},"end":{"line":3,"column":31}},"3":{"start":{"line":19,"column":0},"end":{"line":28,"column":5}},"4":{"start":{"line":20,"column":4},"end":{"line":27,"column":5}},"5":{"start":{"line":21,"column":17},"end":{"line":21,"column":30}},"6":{"start":{"line":22,"column":21},"end":{"line":22,"column":61}},"7":{"start":{"line":23,"column":6},"end":{"line":23,"column":21}},"8":{"start":{"line":25,"column":6},"end":{"line":25,"column":27}},"9":{"start":{"line":26,"column":6},"end":{"line":26,"column":80}},"10":{"start":{"line":51,"column":2},"end":{"line":64,"column":5}},"11":{"start":{"line":52,"column":15},"end":{"line":52,"column":28}},"12":{"start":{"line":53,"column":4},"end":{"line":63,"column":5}},"13":{"start":{"line":54,"column":17},"end":{"line":54,"column":30}},"14":{"start":{"line":55,"column":24},"end":{"line":55,"column":90}},"15":{"start":{"line":56,"column":6},"end":{"line":58,"column":7}},"16":{"start":{"line":57,"column":8},"end":{"line":57,"column":86}},"17":{"start":{"line":59,"column":6},"end":{"line":59,"column":48}},"18":{"start":{"line":61,"column":6},"end":{"line":61,"column":27}},"19":{"start":{"line":62,"column":6},"end":{"line":62,"column":83}},"20":{"start":{"line":112,"column":2},"end":{"line":149,"column":5}},"21":{"start":{"line":113,"column":75},"end":{"line":113,"column":83}},"22":{"start":{"line":116,"column":4},"end":{"line":118,"column":5}},"23":{"start":{"line":117,"column":6},"end":{"line":117,"column":91}},"24":{"start":{"line":120,"column":4},"end":{"line":148,"column":5}},"25":{"start":{"line":121,"column":17},"end":{"line":121,"column":30}},"26":{"start":{"line":123,"column":20},"end":{"line":128,"column":8}},"27":{"start":{"line":131,"column":6},"end":{"line":133,"column":7}},"28":{"start":{"line":131,"column":35},"end":{"line":131,"column":54}},"29":{"start":{"line":132,"column":8},"end":{"line":132,"column":82}},"30":{"start":{"line":136,"column":21},"end":{"line":136,"column":86}},"31":{"start":{"line":137,"column":6},"end":{"line":139,"column":7}},"32":{"start":{"line":138,"column":8},"end":{"line":138,"column":81}},"33":{"start":{"line":142,"column":6},"end":{"line":143,"column":70}},"34":{"start":{"line":144,"column":6},"end":{"line":144,"column":83}},"35":{"start":{"line":146,"column":6},"end":{"line":146,"column":27}},"36":{"start":{"line":147,"column":6},"end":{"line":147,"column":82}},"37":{"start":{"line":200,"column":2},"end":{"line":215,"column":5}},"38":{"start":{"line":201,"column":15},"end":{"line":201,"column":28}},"39":{"start":{"line":202,"column":75},"end":{"line":202,"column":83}},"40":{"start":{"line":203,"column":4},"end":{"line":214,"column":5}},"41":{"start":{"line":204,"column":17},"end":{"line":204,"column":30}},"42":{"start":{"line":205,"column":24},"end":{"line":205,"column":90}},"43":{"start":{"line":206,"column":6},"end":{"line":208,"column":7}},"44":{"start":{"line":207,"column":8},"end":{"line":207,"column":86}},"45":{"start":{"line":209,"column":6},"end":{"line":209,"column":217}},"46":{"start":{"line":210,"column":6},"end":{"line":210,"column":75}},"47":{"start":{"line":212,"column":6},"end":{"line":212,"column":27}},"48":{"start":{"line":213,"column":6},"end":{"line":213,"column":83}},"49":{"start":{"line":238,"column":2},"end":{"line":252,"column":5}},"50":{"start":{"line":239,"column":15},"end":{"line":239,"column":28}},"51":{"start":{"line":240,"column":4},"end":{"line":251,"column":5}},"52":{"start":{"line":241,"column":17},"end":{"line":241,"column":30}},"53":{"start":{"line":242,"column":24},"end":{"line":242,"column":90}},"54":{"start":{"line":243,"column":6},"end":{"line":245,"column":7}},"55":{"start":{"line":244,"column":8},"end":{"line":244,"column":86}},"56":{"start":{"line":246,"column":6},"end":{"line":246,"column":71}},"57":{"start":{"line":247,"column":6},"end":{"line":247,"column":76}},"58":{"start":{"line":249,"column":6},"end":{"line":249,"column":27}},"59":{"start":{"line":250,"column":6},"end":{"line":250,"column":83}},"60":{"start":{"line":256,"column":0},"end":{"line":256,"column":24}}},"fnMap":{"0":{"name":"(anonymous_0)","decl":{"start":{"line":19,"column":32},"end":{"line":19,"column":33}},"loc":{"start":{"line":19,"column":52},"end":{"line":28,"column":3}},"line":19},"1":{"name":"(anonymous_1)","decl":{"start":{"line":51,"column":47},"end":{"line":51,"column":48}},"loc":{"start":{"line":51,"column":67},"end":{"line":64,"column":3}},"line":51},"2":{"name":"(anonymous_2)","decl":{"start":{"line":112,"column":41},"end":{"line":112,"column":42}},"loc":{"start":{"line":112,"column":61},"end":{"line":149,"column":3}},"line":112},"3":{"name":"(anonymous_3)","decl":{"start":{"line":131,"column":21},"end":{"line":131,"column":22}},"loc":{"start":{"line":131,"column":35},"end":{"line":131,"column":54}},"line":131},"4":{"name":"(anonymous_4)","decl":{"start":{"line":200,"column":47},"end":{"line":200,"column":48}},"loc":{"start":{"line":200,"column":67},"end":{"line":215,"column":3}},"line":200},"5":{"name":"(anonymous_5)","decl":{"start":{"line":238,"column":44},"end":{"line":238,"column":45}},"loc":{"start":{"line":238,"column":64},"end":{"line":252,"column":3}},"line":238}},"branchMap":{"0":{"loc":{"start":{"line":56,"column":6},"end":{"line":58,"column":7}},"type":"if","locations":[{"start":{"line":56,"column":6},"end":{"line":58,"column":7}},{"start":{},"end":{}}],"line":56},"1":{"loc":{"start":{"line":116,"column":4},"end":{"line":118,"column":5}},"type":"if","locations":[{"start":{"line":116,"column":4},"end":{"line":118,"column":5}},{"start":{},"end":{}}],"line":116},"2":{"loc":{"start":{"line":116,"column":8},"end":{"line":116,"column":85}},"type":"binary-expr","locations":[{"start":{"line":116,"column":8},"end":{"line":116,"column":12}},{"start":{"line":116,"column":16},"end":{"line":116,"column":21}},{"start":{"line":116,"column":25},"end":{"line":116,"column":34}},{"start":{"line":116,"column":38},"end":{"line":116,"column":47}},{"start":{"line":116,"column":51},"end":{"line":116,"column":60}},{"start":{"line":116,"column":64},"end":{"line":116,"column":73}},{"start":{"line":116,"column":77},"end":{"line":116,"column":85}}],"line":116},"3":{"loc":{"start":{"line":131,"column":6},"end":{"line":133,"column":7}},"type":"if","locations":[{"start":{"line":131,"column":6},"end":{"line":133,"column":7}},{"start":{},"end":{}}],"line":131},"4":{"loc":{"start":{"line":137,"column":6},"end":{"line":139,"column":7}},"type":"if","locations":[{"start":{"line":137,"column":6},"end":{"line":139,"column":7}},{"start":{},"end":{}}],"line":137},"5":{"loc":{"start":{"line":206,"column":6},"end":{"line":208,"column":7}},"type":"if","locations":[{"start":{"line":206,"column":6},"end":{"line":208,"column":7}},{"start":{},"end":{}}],"line":206},"6":{"loc":{"start":{"line":243,"column":6},"end":{"line":245,"column":7}},"type":"if","locations":[{"start":{"line":243,"column":6},"end":{"line":245,"column":7}},{"start":{},"end":{}}],"line":243}},"s":{"0":1,"1":1,"2":1,"3":1,"4":0,"5":0,"6":0,"7":0,"8":0,"9":0,"10":1,"11":0,"12":0,"13":0,"14":0,"15":0,"16":0,"17":0,"18":0,"19":0,"20":1,"21":0,"22":0,"23":0,"24":0,"25":0,"26":0,"27":0,"28":0,"29":0,"30":0,"31":0,"32":0,"33":0,"34":0,"35":0,"36":0,"37":1,"38":0,"39":0,"40":0,"41":0,"42":0,"43":0,"44":0,"45":0,"46":0,"47":0,"48":0,"49":1,"50":0,"51":0,"52":0,"53":0,"54":0,"55":0,"56":0,"57":0,"58":0,"59":0,"60":1},"f":{"0":0,"1":0,"2":0,"3":0,"4":0,"5":0},"b":{"0":[0,0],"1":[0,0],"2":[0,0,0,0,0,0,0],"3":[0,0],"4":[0,0],"5":[0,0],"6":[0,0]},"_coverageSchema":"1a1c01bbd47fc00a2c39e90264f33305004495a9","hash":"3d4c866b1da8f18ef71ac08f76b030bda974dee2"}
,"D:\\Dev\\APILemonMaze\\route\\party\\party.js": {"path":"D:\\Dev\\APILemonMaze\\route\\party\\party.js","statementMap":{"0":{"start":{"line":1,"column":18},"end":{"line":1,"column":52}},"1":{"start":{"line":2,"column":16},"end":{"line":2,"column":34}},"2":{"start":{"line":3,"column":15},"end":{"line":3,"column":31}},"3":{"start":{"line":23,"column":0},"end":{"line":38,"column":3}},"4":{"start":{"line":24,"column":2},"end":{"line":37,"column":3}},"5":{"start":{"line":25,"column":15},"end":{"line":25,"column":28}},"6":{"start":{"line":27,"column":20},"end":{"line":27,"column":58}},"7":{"start":{"line":30,"column":4},"end":{"line":30,"column":37}},"8":{"start":{"line":32,"column":4},"end":{"line":32,"column":25}},"9":{"start":{"line":33,"column":4},"end":{"line":36,"column":7}},"10":{"start":{"line":90,"column":0},"end":{"line":111,"column":3}},"11":{"start":{"line":91,"column":2},"end":{"line":110,"column":3}},"12":{"start":{"line":92,"column":20},"end":{"line":92,"column":38}},"13":{"start":{"line":93,"column":15},"end":{"line":93,"column":28}},"14":{"start":{"line":94,"column":20},"end":{"line":94,"column":87}},"15":{"start":{"line":96,"column":4},"end":{"line":101,"column":5}},"16":{"start":{"line":97,"column":6},"end":{"line":100,"column":9}},"17":{"start":{"line":103,"column":4},"end":{"line":103,"column":55}},"18":{"start":{"line":105,"column":4},"end":{"line":105,"column":25}},"19":{"start":{"line":106,"column":4},"end":{"line":109,"column":7}},"20":{"start":{"line":143,"column":0},"end":{"line":182,"column":3}},"21":{"start":{"line":147,"column":6},"end":{"line":147,"column":14}},"22":{"start":{"line":148,"column":2},"end":{"line":181,"column":3}},"23":{"start":{"line":150,"column":15},"end":{"line":150,"column":28}},"24":{"start":{"line":151,"column":22},"end":{"line":151,"column":96}},"25":{"start":{"line":152,"column":4},"end":{"line":157,"column":5}},"26":{"start":{"line":153,"column":6},"end":{"line":156,"column":9}},"27":{"start":{"line":160,"column":19},"end":{"line":160,"column":81}},"28":{"start":{"line":161,"column":4},"end":{"line":166,"column":5}},"29":{"start":{"line":162,"column":6},"end":{"line":165,"column":9}},"30":{"start":{"line":169,"column":4},"end":{"line":169,"column":100}},"31":{"start":{"line":171,"column":4},"end":{"line":174,"column":7}},"32":{"start":{"line":176,"column":4},"end":{"line":176,"column":25}},"33":{"start":{"line":177,"column":4},"end":{"line":180,"column":7}},"34":{"start":{"line":222,"column":0},"end":{"line":252,"column":3}},"35":{"start":{"line":223,"column":18},"end":{"line":223,"column":36}},"36":{"start":{"line":224,"column":34},"end":{"line":224,"column":42}},"37":{"start":{"line":225,"column":2},"end":{"line":251,"column":3}},"38":{"start":{"line":226,"column":15},"end":{"line":226,"column":28}},"39":{"start":{"line":228,"column":20},"end":{"line":228,"column":87}},"40":{"start":{"line":229,"column":4},"end":{"line":231,"column":5}},"41":{"start":{"line":230,"column":6},"end":{"line":230,"column":85}},"42":{"start":{"line":234,"column":22},"end":{"line":234,"column":97}},"43":{"start":{"line":235,"column":4},"end":{"line":237,"column":5}},"44":{"start":{"line":236,"column":6},"end":{"line":236,"column":86}},"45":{"start":{"line":240,"column":19},"end":{"line":240,"column":85}},"46":{"start":{"line":241,"column":4},"end":{"line":243,"column":5}},"47":{"start":{"line":242,"column":6},"end":{"line":242,"column":89}},"48":{"start":{"line":246,"column":4},"end":{"line":246,"column":118}},"49":{"start":{"line":247,"column":4},"end":{"line":247,"column":95}},"50":{"start":{"line":249,"column":4},"end":{"line":249,"column":25}},"51":{"start":{"line":250,"column":4},"end":{"line":250,"column":83}},"52":{"start":{"line":277,"column":0},"end":{"line":293,"column":3}},"53":{"start":{"line":278,"column":18},"end":{"line":278,"column":36}},"54":{"start":{"line":279,"column":2},"end":{"line":292,"column":3}},"55":{"start":{"line":280,"column":15},"end":{"line":280,"column":28}},"56":{"start":{"line":282,"column":4},"end":{"line":285,"column":7}},"57":{"start":{"line":287,"column":4},"end":{"line":287,"column":25}},"58":{"start":{"line":288,"column":4},"end":{"line":291,"column":7}},"59":{"start":{"line":328,"column":0},"end":{"line":347,"column":3}},"60":{"start":{"line":329,"column":2},"end":{"line":346,"column":3}},"61":{"start":{"line":330,"column":20},"end":{"line":330,"column":38}},"62":{"start":{"line":331,"column":15},"end":{"line":331,"column":28}},"63":{"start":{"line":334,"column":4},"end":{"line":334,"column":97}},"64":{"start":{"line":336,"column":4},"end":{"line":339,"column":7}},"65":{"start":{"line":341,"column":4},"end":{"line":341,"column":25}},"66":{"start":{"line":342,"column":4},"end":{"line":345,"column":7}},"67":{"start":{"line":349,"column":0},"end":{"line":349,"column":24}}},"fnMap":{"0":{"name":"(anonymous_0)","decl":{"start":{"line":23,"column":29},"end":{"line":23,"column":30}},"loc":{"start":{"line":23,"column":49},"end":{"line":38,"column":1}},"line":23},"1":{"name":"(anonymous_1)","decl":{"start":{"line":90,"column":39},"end":{"line":90,"column":40}},"loc":{"start":{"line":90,"column":59},"end":{"line":111,"column":1}},"line":90},"2":{"name":"(anonymous_2)","decl":{"start":{"line":143,"column":35},"end":{"line":143,"column":36}},"loc":{"start":{"line":143,"column":55},"end":{"line":182,"column":1}},"line":143},"3":{"name":"(anonymous_3)","decl":{"start":{"line":222,"column":43},"end":{"line":222,"column":44}},"loc":{"start":{"line":222,"column":63},"end":{"line":252,"column":1}},"line":222},"4":{"name":"(anonymous_4)","decl":{"start":{"line":277,"column":46},"end":{"line":277,"column":47}},"loc":{"start":{"line":277,"column":66},"end":{"line":293,"column":1}},"line":277},"5":{"name":"(anonymous_5)","decl":{"start":{"line":328,"column":46},"end":{"line":328,"column":47}},"loc":{"start":{"line":328,"column":66},"end":{"line":347,"column":1}},"line":328}},"branchMap":{"0":{"loc":{"start":{"line":96,"column":4},"end":{"line":101,"column":5}},"type":"if","locations":[{"start":{"line":96,"column":4},"end":{"line":101,"column":5}},{"start":{},"end":{}}],"line":96},"1":{"loc":{"start":{"line":152,"column":4},"end":{"line":157,"column":5}},"type":"if","locations":[{"start":{"line":152,"column":4},"end":{"line":157,"column":5}},{"start":{},"end":{}}],"line":152},"2":{"loc":{"start":{"line":161,"column":4},"end":{"line":166,"column":5}},"type":"if","locations":[{"start":{"line":161,"column":4},"end":{"line":166,"column":5}},{"start":{},"end":{}}],"line":161},"3":{"loc":{"start":{"line":229,"column":4},"end":{"line":231,"column":5}},"type":"if","locations":[{"start":{"line":229,"column":4},"end":{"line":231,"column":5}},{"start":{},"end":{}}],"line":229},"4":{"loc":{"start":{"line":235,"column":4},"end":{"line":237,"column":5}},"type":"if","locations":[{"start":{"line":235,"column":4},"end":{"line":237,"column":5}},{"start":{},"end":{}}],"line":235},"5":{"loc":{"start":{"line":241,"column":4},"end":{"line":243,"column":5}},"type":"if","locations":[{"start":{"line":241,"column":4},"end":{"line":243,"column":5}},{"start":{},"end":{}}],"line":241}},"s":{"0":1,"1":1,"2":1,"3":1,"4":0,"5":0,"6":0,"7":0,"8":0,"9":0,"10":1,"11":0,"12":0,"13":0,"14":0,"15":0,"16":0,"17":0,"18":0,"19":0,"20":1,"21":0,"22":0,"23":0,"24":0,"25":0,"26":0,"27":0,"28":0,"29":0,"30":0,"31":0,"32":0,"33":0,"34":1,"35":0,"36":0,"37":0,"38":0,"39":0,"40":0,"41":0,"42":0,"43":0,"44":0,"45":0,"46":0,"47":0,"48":0,"49":0,"50":0,"51":0,"52":1,"53":0,"54":0,"55":0,"56":0,"57":0,"58":0,"59":1,"60":0,"61":0,"62":0,"63":0,"64":0,"65":0,"66":0,"67":1},"f":{"0":0,"1":0,"2":0,"3":0,"4":0,"5":0},"b":{"0":[0,0],"1":[0,0],"2":[0,0],"3":[0,0],"4":[0,0],"5":[0,0]},"_coverageSchema":"1a1c01bbd47fc00a2c39e90264f33305004495a9","hash":"af2529a1cd8264a8c8623e89bc818622ad7ad198"}
,"D:\\Dev\\APILemonMaze\\route\\type\\type.js": {"path":"D:\\Dev\\APILemonMaze\\route\\type\\type.js","statementMap":{"0":{"start":{"line":3,"column":4},"end":{"line":3,"column":38}},"1":{"start":{"line":4,"column":16},"end":{"line":4,"column":34}},"2":{"start":{"line":5,"column":15},"end":{"line":5,"column":31}},"3":{"start":{"line":40,"column":0},"end":{"line":55,"column":3}},"4":{"start":{"line":41,"column":2},"end":{"line":54,"column":3}},"5":{"start":{"line":42,"column":15},"end":{"line":42,"column":28}},"6":{"start":{"line":43,"column":20},"end":{"line":43,"column":57}},"7":{"start":{"line":44,"column":4},"end":{"line":47,"column":7}},"8":{"start":{"line":49,"column":4},"end":{"line":49,"column":25}},"9":{"start":{"line":50,"column":4},"end":{"line":53,"column":7}},"10":{"start":{"line":89,"column":0},"end":{"line":115,"column":3}},"11":{"start":{"line":90,"column":17},"end":{"line":90,"column":34}},"12":{"start":{"line":92,"column":2},"end":{"line":114,"column":3}},"13":{"start":{"line":93,"column":15},"end":{"line":93,"column":28}},"14":{"start":{"line":95,"column":19},"end":{"line":95,"column":83}},"15":{"start":{"line":96,"column":4},"end":{"line":101,"column":5}},"16":{"start":{"line":97,"column":6},"end":{"line":100,"column":9}},"17":{"start":{"line":104,"column":4},"end":{"line":107,"column":7}},"18":{"start":{"line":109,"column":4},"end":{"line":109,"column":25}},"19":{"start":{"line":110,"column":4},"end":{"line":113,"column":7}},"20":{"start":{"line":141,"column":0},"end":{"line":169,"column":3}},"21":{"start":{"line":144,"column":6},"end":{"line":144,"column":14}},"22":{"start":{"line":147,"column":2},"end":{"line":152,"column":3}},"23":{"start":{"line":148,"column":4},"end":{"line":151,"column":7}},"24":{"start":{"line":154,"column":2},"end":{"line":168,"column":3}},"25":{"start":{"line":155,"column":15},"end":{"line":155,"column":28}},"26":{"start":{"line":157,"column":4},"end":{"line":157,"column":64}},"27":{"start":{"line":158,"column":4},"end":{"line":161,"column":7}},"28":{"start":{"line":163,"column":4},"end":{"line":163,"column":25}},"29":{"start":{"line":164,"column":4},"end":{"line":167,"column":7}},"30":{"start":{"line":213,"column":0},"end":{"line":251,"column":3}},"31":{"start":{"line":214,"column":17},"end":{"line":214,"column":34}},"32":{"start":{"line":217,"column":6},"end":{"line":217,"column":14}},"33":{"start":{"line":220,"column":2},"end":{"line":225,"column":3}},"34":{"start":{"line":221,"column":4},"end":{"line":224,"column":7}},"35":{"start":{"line":227,"column":2},"end":{"line":250,"column":3}},"36":{"start":{"line":228,"column":15},"end":{"line":228,"column":28}},"37":{"start":{"line":230,"column":19},"end":{"line":230,"column":83}},"38":{"start":{"line":231,"column":4},"end":{"line":236,"column":5}},"39":{"start":{"line":232,"column":6},"end":{"line":235,"column":9}},"40":{"start":{"line":239,"column":4},"end":{"line":239,"column":79}},"41":{"start":{"line":240,"column":4},"end":{"line":243,"column":7}},"42":{"start":{"line":245,"column":4},"end":{"line":245,"column":25}},"43":{"start":{"line":246,"column":4},"end":{"line":249,"column":7}},"44":{"start":{"line":274,"column":0},"end":{"line":300,"column":3}},"45":{"start":{"line":275,"column":17},"end":{"line":275,"column":34}},"46":{"start":{"line":276,"column":2},"end":{"line":299,"column":3}},"47":{"start":{"line":277,"column":15},"end":{"line":277,"column":28}},"48":{"start":{"line":279,"column":19},"end":{"line":279,"column":83}},"49":{"start":{"line":280,"column":4},"end":{"line":285,"column":5}},"50":{"start":{"line":281,"column":6},"end":{"line":284,"column":9}},"51":{"start":{"line":288,"column":4},"end":{"line":288,"column":67}},"52":{"start":{"line":289,"column":4},"end":{"line":292,"column":7}},"53":{"start":{"line":294,"column":4},"end":{"line":294,"column":25}},"54":{"start":{"line":295,"column":4},"end":{"line":298,"column":7}},"55":{"start":{"line":302,"column":0},"end":{"line":302,"column":24}}},"fnMap":{"0":{"name":"(anonymous_0)","decl":{"start":{"line":40,"column":26},"end":{"line":40,"column":27}},"loc":{"start":{"line":40,"column":46},"end":{"line":55,"column":1}},"line":40},"1":{"name":"(anonymous_1)","decl":{"start":{"line":89,"column":36},"end":{"line":89,"column":37}},"loc":{"start":{"line":89,"column":56},"end":{"line":115,"column":1}},"line":89},"2":{"name":"(anonymous_2)","decl":{"start":{"line":141,"column":30},"end":{"line":141,"column":31}},"loc":{"start":{"line":141,"column":50},"end":{"line":169,"column":1}},"line":141},"3":{"name":"(anonymous_3)","decl":{"start":{"line":213,"column":40},"end":{"line":213,"column":41}},"loc":{"start":{"line":213,"column":60},"end":{"line":251,"column":1}},"line":213},"4":{"name":"(anonymous_4)","decl":{"start":{"line":274,"column":43},"end":{"line":274,"column":44}},"loc":{"start":{"line":274,"column":63},"end":{"line":300,"column":1}},"line":274}},"branchMap":{"0":{"loc":{"start":{"line":96,"column":4},"end":{"line":101,"column":5}},"type":"if","locations":[{"start":{"line":96,"column":4},"end":{"line":101,"column":5}},{"start":{},"end":{}}],"line":96},"1":{"loc":{"start":{"line":147,"column":2},"end":{"line":152,"column":3}},"type":"if","locations":[{"start":{"line":147,"column":2},"end":{"line":152,"column":3}},{"start":{},"end":{}}],"line":147},"2":{"loc":{"start":{"line":220,"column":2},"end":{"line":225,"column":3}},"type":"if","locations":[{"start":{"line":220,"column":2},"end":{"line":225,"column":3}},{"start":{},"end":{}}],"line":220},"3":{"loc":{"start":{"line":231,"column":4},"end":{"line":236,"column":5}},"type":"if","locations":[{"start":{"line":231,"column":4},"end":{"line":236,"column":5}},{"start":{},"end":{}}],"line":231},"4":{"loc":{"start":{"line":280,"column":4},"end":{"line":285,"column":5}},"type":"if","locations":[{"start":{"line":280,"column":4},"end":{"line":285,"column":5}},{"start":{},"end":{}}],"line":280}},"s":{"0":1,"1":1,"2":1,"3":1,"4":0,"5":0,"6":0,"7":0,"8":0,"9":0,"10":1,"11":0,"12":0,"13":0,"14":0,"15":0,"16":0,"17":0,"18":0,"19":0,"20":1,"21":0,"22":0,"23":0,"24":0,"25":0,"26":0,"27":0,"28":0,"29":0,"30":1,"31":0,"32":0,"33":0,"34":0,"35":0,"36":0,"37":0,"38":0,"39":0,"40":0,"41":0,"42":0,"43":0,"44":1,"45":0,"46":0,"47":0,"48":0,"49":0,"50":0,"51":0,"52":0,"53":0,"54":0,"55":1},"f":{"0":0,"1":0,"2":0,"3":0,"4":0},"b":{"0":[0,0],"1":[0,0],"2":[0,0],"3":[0,0],"4":[0,0]},"_coverageSchema":"1a1c01bbd47fc00a2c39e90264f33305004495a9","hash":"3ca98f3fba0b8783b657272aac23481cf03013d7"}
,"D:\\Dev\\APILemonMaze\\route\\user\\user.js": {"path":"D:\\Dev\\APILemonMaze\\route\\user\\user.js","statementMap":{"0":{"start":{"line":3,"column":4},"end":{"line":3,"column":38}},"1":{"start":{"line":4,"column":16},"end":{"line":4,"column":34}},"2":{"start":{"line":5,"column":15},"end":{"line":5,"column":31}},"3":{"start":{"line":43,"column":0},"end":{"line":57,"column":3}},"4":{"start":{"line":44,"column":2},"end":{"line":56,"column":3}},"5":{"start":{"line":46,"column":15},"end":{"line":46,"column":28}},"6":{"start":{"line":47,"column":19},"end":{"line":47,"column":60}},"7":{"start":{"line":48,"column":4},"end":{"line":50,"column":7}},"8":{"start":{"line":52,"column":4},"end":{"line":52,"column":79}},"9":{"start":{"line":53,"column":4},"end":{"line":55,"column":7}},"10":{"start":{"line":71,"column":0},"end":{"line":86,"column":3}},"11":{"start":{"line":72,"column":2},"end":{"line":85,"column":3}},"12":{"start":{"line":73,"column":15},"end":{"line":73,"column":28}},"13":{"start":{"line":74,"column":19},"end":{"line":74,"column":57}},"14":{"start":{"line":75,"column":4},"end":{"line":78,"column":7}},"15":{"start":{"line":80,"column":4},"end":{"line":80,"column":25}},"16":{"start":{"line":81,"column":4},"end":{"line":84,"column":7}},"17":{"start":{"line":120,"column":0},"end":{"line":146,"column":3}},"18":{"start":{"line":121,"column":17},"end":{"line":121,"column":33}},"19":{"start":{"line":123,"column":2},"end":{"line":145,"column":3}},"20":{"start":{"line":124,"column":15},"end":{"line":124,"column":28}},"21":{"start":{"line":126,"column":19},"end":{"line":126,"column":80}},"22":{"start":{"line":127,"column":4},"end":{"line":132,"column":5}},"23":{"start":{"line":128,"column":6},"end":{"line":131,"column":9}},"24":{"start":{"line":135,"column":4},"end":{"line":138,"column":7}},"25":{"start":{"line":140,"column":4},"end":{"line":140,"column":25}},"26":{"start":{"line":141,"column":4},"end":{"line":144,"column":7}},"27":{"start":{"line":209,"column":0},"end":{"line":284,"column":3}},"28":{"start":{"line":210,"column":2},"end":{"line":283,"column":3}},"29":{"start":{"line":217,"column":8},"end":{"line":217,"column":16}},"30":{"start":{"line":219,"column":4},"end":{"line":224,"column":5}},"31":{"start":{"line":220,"column":6},"end":{"line":223,"column":9}},"32":{"start":{"line":225,"column":4},"end":{"line":230,"column":5}},"33":{"start":{"line":226,"column":6},"end":{"line":229,"column":9}},"34":{"start":{"line":231,"column":4},"end":{"line":236,"column":5}},"35":{"start":{"line":232,"column":6},"end":{"line":235,"column":9}},"36":{"start":{"line":237,"column":4},"end":{"line":242,"column":5}},"37":{"start":{"line":238,"column":6},"end":{"line":241,"column":9}},"38":{"start":{"line":244,"column":4},"end":{"line":248,"column":5}},"39":{"start":{"line":245,"column":6},"end":{"line":247,"column":9}},"40":{"start":{"line":249,"column":15},"end":{"line":249,"column":28}},"41":{"start":{"line":252,"column":25},"end":{"line":252,"column":90}},"42":{"start":{"line":254,"column":4},"end":{"line":260,"column":5}},"43":{"start":{"line":255,"column":6},"end":{"line":255,"column":33}},"44":{"start":{"line":256,"column":6},"end":{"line":259,"column":9}},"45":{"start":{"line":263,"column":25},"end":{"line":263,"column":86}},"46":{"start":{"line":265,"column":4},"end":{"line":270,"column":5}},"47":{"start":{"line":266,"column":6},"end":{"line":269,"column":9}},"48":{"start":{"line":272,"column":4},"end":{"line":272,"column":139}},"49":{"start":{"line":274,"column":4},"end":{"line":276,"column":7}},"50":{"start":{"line":278,"column":4},"end":{"line":278,"column":25}},"51":{"start":{"line":279,"column":4},"end":{"line":282,"column":7}},"52":{"start":{"line":321,"column":0},"end":{"line":348,"column":3}},"53":{"start":{"line":322,"column":17},"end":{"line":322,"column":32}},"54":{"start":{"line":323,"column":2},"end":{"line":347,"column":3}},"55":{"start":{"line":324,"column":15},"end":{"line":324,"column":28}},"56":{"start":{"line":326,"column":19},"end":{"line":326,"column":80}},"57":{"start":{"line":327,"column":4},"end":{"line":332,"column":5}},"58":{"start":{"line":328,"column":6},"end":{"line":331,"column":9}},"59":{"start":{"line":335,"column":4},"end":{"line":335,"column":64}},"60":{"start":{"line":337,"column":4},"end":{"line":340,"column":7}},"61":{"start":{"line":342,"column":4},"end":{"line":342,"column":25}},"62":{"start":{"line":343,"column":4},"end":{"line":346,"column":7}},"63":{"start":{"line":392,"column":0},"end":{"line":421,"column":3}},"64":{"start":{"line":393,"column":17},"end":{"line":393,"column":32}},"65":{"start":{"line":394,"column":22},"end":{"line":394,"column":42}},"66":{"start":{"line":396,"column":2},"end":{"line":420,"column":3}},"67":{"start":{"line":397,"column":15},"end":{"line":397,"column":28}},"68":{"start":{"line":399,"column":19},"end":{"line":399,"column":80}},"69":{"start":{"line":400,"column":4},"end":{"line":405,"column":5}},"70":{"start":{"line":401,"column":6},"end":{"line":404,"column":9}},"71":{"start":{"line":408,"column":4},"end":{"line":408,"column":89}},"72":{"start":{"line":410,"column":4},"end":{"line":413,"column":7}},"73":{"start":{"line":415,"column":4},"end":{"line":415,"column":25}},"74":{"start":{"line":416,"column":4},"end":{"line":419,"column":7}},"75":{"start":{"line":461,"column":0},"end":{"line":489,"column":3}},"76":{"start":{"line":462,"column":17},"end":{"line":462,"column":32}},"77":{"start":{"line":463,"column":19},"end":{"line":463,"column":36}},"78":{"start":{"line":465,"column":2},"end":{"line":488,"column":3}},"79":{"start":{"line":466,"column":15},"end":{"line":466,"column":28}},"80":{"start":{"line":468,"column":19},"end":{"line":468,"column":80}},"81":{"start":{"line":469,"column":4},"end":{"line":474,"column":5}},"82":{"start":{"line":470,"column":6},"end":{"line":473,"column":9}},"83":{"start":{"line":476,"column":4},"end":{"line":476,"column":82}},"84":{"start":{"line":478,"column":4},"end":{"line":481,"column":7}},"85":{"start":{"line":483,"column":4},"end":{"line":483,"column":25}},"86":{"start":{"line":484,"column":4},"end":{"line":487,"column":7}},"87":{"start":{"line":493,"column":0},"end":{"line":493,"column":24}}},"fnMap":{"0":{"name":"(anonymous_0)","decl":{"start":{"line":43,"column":24},"end":{"line":43,"column":25}},"loc":{"start":{"line":43,"column":44},"end":{"line":57,"column":1}},"line":43},"1":{"name":"(anonymous_1)","decl":{"start":{"line":71,"column":26},"end":{"line":71,"column":27}},"loc":{"start":{"line":71,"column":46},"end":{"line":86,"column":1}},"line":71},"2":{"name":"(anonymous_2)","decl":{"start":{"line":120,"column":32},"end":{"line":120,"column":33}},"loc":{"start":{"line":120,"column":52},"end":{"line":146,"column":1}},"line":120},"3":{"name":"(anonymous_3)","decl":{"start":{"line":209,"column":33},"end":{"line":209,"column":34}},"loc":{"start":{"line":209,"column":53},"end":{"line":284,"column":1}},"line":209},"4":{"name":"(anonymous_4)","decl":{"start":{"line":321,"column":39},"end":{"line":321,"column":40}},"loc":{"start":{"line":321,"column":59},"end":{"line":348,"column":1}},"line":321},"5":{"name":"(anonymous_5)","decl":{"start":{"line":392,"column":40},"end":{"line":392,"column":41}},"loc":{"start":{"line":392,"column":60},"end":{"line":421,"column":1}},"line":392},"6":{"name":"(anonymous_6)","decl":{"start":{"line":461,"column":37},"end":{"line":461,"column":38}},"loc":{"start":{"line":461,"column":57},"end":{"line":489,"column":1}},"line":461}},"branchMap":{"0":{"loc":{"start":{"line":127,"column":4},"end":{"line":132,"column":5}},"type":"if","locations":[{"start":{"line":127,"column":4},"end":{"line":132,"column":5}},{"start":{},"end":{}}],"line":127},"1":{"loc":{"start":{"line":219,"column":4},"end":{"line":224,"column":5}},"type":"if","locations":[{"start":{"line":219,"column":4},"end":{"line":224,"column":5}},{"start":{},"end":{}}],"line":219},"2":{"loc":{"start":{"line":225,"column":4},"end":{"line":230,"column":5}},"type":"if","locations":[{"start":{"line":225,"column":4},"end":{"line":230,"column":5}},{"start":{},"end":{}}],"line":225},"3":{"loc":{"start":{"line":231,"column":4},"end":{"line":236,"column":5}},"type":"if","locations":[{"start":{"line":231,"column":4},"end":{"line":236,"column":5}},{"start":{},"end":{}}],"line":231},"4":{"loc":{"start":{"line":237,"column":4},"end":{"line":242,"column":5}},"type":"if","locations":[{"start":{"line":237,"column":4},"end":{"line":242,"column":5}},{"start":{},"end":{}}],"line":237},"5":{"loc":{"start":{"line":244,"column":4},"end":{"line":248,"column":5}},"type":"if","locations":[{"start":{"line":244,"column":4},"end":{"line":248,"column":5}},{"start":{},"end":{}}],"line":244},"6":{"loc":{"start":{"line":254,"column":4},"end":{"line":260,"column":5}},"type":"if","locations":[{"start":{"line":254,"column":4},"end":{"line":260,"column":5}},{"start":{},"end":{}}],"line":254},"7":{"loc":{"start":{"line":265,"column":4},"end":{"line":270,"column":5}},"type":"if","locations":[{"start":{"line":265,"column":4},"end":{"line":270,"column":5}},{"start":{},"end":{}}],"line":265},"8":{"loc":{"start":{"line":327,"column":4},"end":{"line":332,"column":5}},"type":"if","locations":[{"start":{"line":327,"column":4},"end":{"line":332,"column":5}},{"start":{},"end":{}}],"line":327},"9":{"loc":{"start":{"line":400,"column":4},"end":{"line":405,"column":5}},"type":"if","locations":[{"start":{"line":400,"column":4},"end":{"line":405,"column":5}},{"start":{},"end":{}}],"line":400},"10":{"loc":{"start":{"line":469,"column":4},"end":{"line":474,"column":5}},"type":"if","locations":[{"start":{"line":469,"column":4},"end":{"line":474,"column":5}},{"start":{},"end":{}}],"line":469}},"s":{"0":1,"1":1,"2":1,"3":1,"4":0,"5":0,"6":0,"7":0,"8":0,"9":0,"10":1,"11":0,"12":0,"13":0,"14":0,"15":0,"16":0,"17":1,"18":0,"19":0,"20":0,"21":0,"22":0,"23":0,"24":0,"25":0,"26":0,"27":1,"28":0,"29":0,"30":0,"31":0,"32":0,"33":0,"34":0,"35":0,"36":0,"37":0,"38":0,"39":0,"40":0,"41":0,"42":0,"43":0,"44":0,"45":0,"46":0,"47":0,"48":0,"49":0,"50":0,"51":0,"52":1,"53":0,"54":0,"55":0,"56":0,"57":0,"58":0,"59":0,"60":0,"61":0,"62":0,"63":1,"64":0,"65":0,"66":0,"67":0,"68":0,"69":0,"70":0,"71":0,"72":0,"73":0,"74":0,"75":1,"76":0,"77":0,"78":0,"79":0,"80":0,"81":0,"82":0,"83":0,"84":0,"85":0,"86":0,"87":1},"f":{"0":0,"1":0,"2":0,"3":0,"4":0,"5":0,"6":0},"b":{"0":[0,0],"1":[0,0],"2":[0,0],"3":[0,0],"4":[0,0],"5":[0,0],"6":[0,0],"7":[0,0],"8":[0,0],"9":[0,0],"10":[0,0]},"_coverageSchema":"1a1c01bbd47fc00a2c39e90264f33305004495a9","hash":"3557058d7dbeade14bc6b7e78e107bd62699b9d1"}
,"D:\\Dev\\APILemonMaze\\route\\utils\\utils.js": {"path":"D:\\Dev\\APILemonMaze\\route\\utils\\utils.js","statementMap":{"0":{"start":{"line":1,"column":18},"end":{"line":1,"column":52}},"1":{"start":{"line":2,"column":16},"end":{"line":2,"column":34}},"2":{"start":{"line":3,"column":15},"end":{"line":3,"column":31}},"3":{"start":{"line":51,"column":0},"end":{"line":87,"column":5}},"4":{"start":{"line":52,"column":4},"end":{"line":86,"column":5}},"5":{"start":{"line":53,"column":19},"end":{"line":53,"column":32}},"6":{"start":{"line":54,"column":23},"end":{"line":54,"column":40}},"7":{"start":{"line":56,"column":19},"end":{"line":56,"column":101}},"8":{"start":{"line":59,"column":6},"end":{"line":64,"column":7}},"9":{"start":{"line":60,"column":8},"end":{"line":63,"column":11}},"10":{"start":{"line":66,"column":23},"end":{"line":66,"column":33}},"11":{"start":{"line":67,"column":27},"end":{"line":67,"column":44}},"12":{"start":{"line":68,"column":6},"end":{"line":79,"column":7}},"13":{"start":{"line":69,"column":8},"end":{"line":72,"column":11}},"14":{"start":{"line":74,"column":8},"end":{"line":78,"column":11}},"15":{"start":{"line":81,"column":6},"end":{"line":81,"column":27}},"16":{"start":{"line":82,"column":6},"end":{"line":85,"column":9}},"17":{"start":{"line":136,"column":0},"end":{"line":173,"column":3}},"18":{"start":{"line":137,"column":2},"end":{"line":172,"column":3}},"19":{"start":{"line":138,"column":17},"end":{"line":138,"column":30}},"20":{"start":{"line":139,"column":21},"end":{"line":139,"column":38}},"21":{"start":{"line":140,"column":15},"end":{"line":140,"column":28}},"22":{"start":{"line":142,"column":17},"end":{"line":142,"column":99}},"23":{"start":{"line":145,"column":4},"end":{"line":150,"column":5}},"24":{"start":{"line":146,"column":6},"end":{"line":149,"column":9}},"25":{"start":{"line":152,"column":21},"end":{"line":152,"column":31}},"26":{"start":{"line":153,"column":25},"end":{"line":153,"column":42}},"27":{"start":{"line":154,"column":4},"end":{"line":165,"column":5}},"28":{"start":{"line":155,"column":6},"end":{"line":158,"column":9}},"29":{"start":{"line":160,"column":6},"end":{"line":164,"column":9}},"30":{"start":{"line":167,"column":4},"end":{"line":167,"column":25}},"31":{"start":{"line":168,"column":4},"end":{"line":171,"column":7}},"32":{"start":{"line":177,"column":0},"end":{"line":177,"column":24}}},"fnMap":{"0":{"name":"(anonymous_0)","decl":{"start":{"line":51,"column":25},"end":{"line":51,"column":26}},"loc":{"start":{"line":51,"column":45},"end":{"line":87,"column":3}},"line":51},"1":{"name":"(anonymous_1)","decl":{"start":{"line":136,"column":22},"end":{"line":136,"column":23}},"loc":{"start":{"line":136,"column":42},"end":{"line":173,"column":1}},"line":136}},"branchMap":{"0":{"loc":{"start":{"line":59,"column":6},"end":{"line":64,"column":7}},"type":"if","locations":[{"start":{"line":59,"column":6},"end":{"line":64,"column":7}},{"start":{},"end":{}}],"line":59},"1":{"loc":{"start":{"line":68,"column":6},"end":{"line":79,"column":7}},"type":"if","locations":[{"start":{"line":68,"column":6},"end":{"line":79,"column":7}},{"start":{"line":73,"column":13},"end":{"line":79,"column":7}}],"line":68},"2":{"loc":{"start":{"line":145,"column":4},"end":{"line":150,"column":5}},"type":"if","locations":[{"start":{"line":145,"column":4},"end":{"line":150,"column":5}},{"start":{},"end":{}}],"line":145},"3":{"loc":{"start":{"line":154,"column":4},"end":{"line":165,"column":5}},"type":"if","locations":[{"start":{"line":154,"column":4},"end":{"line":165,"column":5}},{"start":{"line":159,"column":11},"end":{"line":165,"column":5}}],"line":154}},"s":{"0":1,"1":1,"2":1,"3":1,"4":0,"5":0,"6":0,"7":0,"8":0,"9":0,"10":0,"11":0,"12":0,"13":0,"14":0,"15":0,"16":0,"17":1,"18":0,"19":0,"20":0,"21":0,"22":0,"23":0,"24":0,"25":0,"26":0,"27":0,"28":0,"29":0,"30":0,"31":0,"32":1},"f":{"0":0,"1":0},"b":{"0":[0,0],"1":[0,0],"2":[0,0],"3":[0,0]},"_coverageSchema":"1a1c01bbd47fc00a2c39e90264f33305004495a9","hash":"55d71e690d18cb0242a100e0c662d22d2b4d2d0d"}
,"D:\\Dev\\APILemonMaze\\route\\ville\\ville.js": {"path":"D:\\Dev\\APILemonMaze\\route\\ville\\ville.js","statementMap":{"0":{"start":{"line":3,"column":4},"end":{"line":3,"column":38}},"1":{"start":{"line":4,"column":16},"end":{"line":4,"column":34}},"2":{"start":{"line":5,"column":15},"end":{"line":5,"column":31}},"3":{"start":{"line":32,"column":0},"end":{"line":48,"column":3}},"4":{"start":{"line":33,"column":2},"end":{"line":47,"column":3}},"5":{"start":{"line":34,"column":15},"end":{"line":34,"column":28}},"6":{"start":{"line":36,"column":21},"end":{"line":36,"column":59}},"7":{"start":{"line":37,"column":4},"end":{"line":40,"column":7}},"8":{"start":{"line":42,"column":4},"end":{"line":42,"column":25}},"9":{"start":{"line":43,"column":4},"end":{"line":46,"column":7}},"10":{"start":{"line":82,"column":0},"end":{"line":106,"column":3}},"11":{"start":{"line":83,"column":13},"end":{"line":83,"column":26}},"12":{"start":{"line":85,"column":2},"end":{"line":105,"column":3}},"13":{"start":{"line":86,"column":15},"end":{"line":86,"column":28}},"14":{"start":{"line":88,"column":20},"end":{"line":88,"column":82}},"15":{"start":{"line":89,"column":4},"end":{"line":94,"column":5}},"16":{"start":{"line":90,"column":6},"end":{"line":93,"column":9}},"17":{"start":{"line":95,"column":4},"end":{"line":98,"column":7}},"18":{"start":{"line":100,"column":4},"end":{"line":100,"column":25}},"19":{"start":{"line":101,"column":4},"end":{"line":104,"column":7}},"20":{"start":{"line":143,"column":0},"end":{"line":162,"column":3}},"21":{"start":{"line":144,"column":14},"end":{"line":144,"column":26}},"22":{"start":{"line":146,"column":2},"end":{"line":161,"column":3}},"23":{"start":{"line":147,"column":15},"end":{"line":147,"column":28}},"24":{"start":{"line":149,"column":4},"end":{"line":149,"column":65}},"25":{"start":{"line":151,"column":4},"end":{"line":154,"column":7}},"26":{"start":{"line":156,"column":4},"end":{"line":156,"column":25}},"27":{"start":{"line":157,"column":4},"end":{"line":160,"column":7}},"28":{"start":{"line":208,"column":0},"end":{"line":237,"column":3}},"29":{"start":{"line":209,"column":13},"end":{"line":209,"column":26}},"30":{"start":{"line":210,"column":14},"end":{"line":210,"column":26}},"31":{"start":{"line":212,"column":2},"end":{"line":236,"column":3}},"32":{"start":{"line":213,"column":15},"end":{"line":213,"column":28}},"33":{"start":{"line":215,"column":20},"end":{"line":215,"column":82}},"34":{"start":{"line":216,"column":4},"end":{"line":221,"column":5}},"35":{"start":{"line":217,"column":6},"end":{"line":220,"column":9}},"36":{"start":{"line":224,"column":4},"end":{"line":224,"column":77}},"37":{"start":{"line":226,"column":4},"end":{"line":229,"column":7}},"38":{"start":{"line":231,"column":4},"end":{"line":231,"column":25}},"39":{"start":{"line":232,"column":4},"end":{"line":235,"column":7}},"40":{"start":{"line":271,"column":0},"end":{"line":299,"column":3}},"41":{"start":{"line":272,"column":13},"end":{"line":272,"column":26}},"42":{"start":{"line":274,"column":2},"end":{"line":298,"column":3}},"43":{"start":{"line":275,"column":15},"end":{"line":275,"column":28}},"44":{"start":{"line":277,"column":20},"end":{"line":277,"column":82}},"45":{"start":{"line":278,"column":4},"end":{"line":283,"column":5}},"46":{"start":{"line":279,"column":6},"end":{"line":282,"column":9}},"47":{"start":{"line":286,"column":4},"end":{"line":286,"column":65}},"48":{"start":{"line":288,"column":4},"end":{"line":291,"column":7}},"49":{"start":{"line":293,"column":4},"end":{"line":293,"column":25}},"50":{"start":{"line":294,"column":4},"end":{"line":297,"column":7}},"51":{"start":{"line":304,"column":0},"end":{"line":304,"column":24}}},"fnMap":{"0":{"name":"(anonymous_0)","decl":{"start":{"line":32,"column":28},"end":{"line":32,"column":29}},"loc":{"start":{"line":32,"column":48},"end":{"line":48,"column":1}},"line":32},"1":{"name":"(anonymous_1)","decl":{"start":{"line":82,"column":34},"end":{"line":82,"column":35}},"loc":{"start":{"line":82,"column":54},"end":{"line":106,"column":1}},"line":82},"2":{"name":"(anonymous_2)","decl":{"start":{"line":143,"column":32},"end":{"line":143,"column":33}},"loc":{"start":{"line":143,"column":52},"end":{"line":162,"column":1}},"line":143},"3":{"name":"(anonymous_3)","decl":{"start":{"line":208,"column":38},"end":{"line":208,"column":39}},"loc":{"start":{"line":208,"column":58},"end":{"line":237,"column":1}},"line":208},"4":{"name":"(anonymous_4)","decl":{"start":{"line":271,"column":41},"end":{"line":271,"column":42}},"loc":{"start":{"line":271,"column":61},"end":{"line":299,"column":1}},"line":271}},"branchMap":{"0":{"loc":{"start":{"line":89,"column":4},"end":{"line":94,"column":5}},"type":"if","locations":[{"start":{"line":89,"column":4},"end":{"line":94,"column":5}},{"start":{},"end":{}}],"line":89},"1":{"loc":{"start":{"line":216,"column":4},"end":{"line":221,"column":5}},"type":"if","locations":[{"start":{"line":216,"column":4},"end":{"line":221,"column":5}},{"start":{},"end":{}}],"line":216},"2":{"loc":{"start":{"line":278,"column":4},"end":{"line":283,"column":5}},"type":"if","locations":[{"start":{"line":278,"column":4},"end":{"line":283,"column":5}},{"start":{},"end":{}}],"line":278}},"s":{"0":1,"1":1,"2":1,"3":1,"4":0,"5":0,"6":0,"7":0,"8":0,"9":0,"10":1,"11":0,"12":0,"13":0,"14":0,"15":0,"16":0,"17":0,"18":0,"19":0,"20":1,"21":0,"22":0,"23":0,"24":0,"25":0,"26":0,"27":0,"28":1,"29":0,"30":0,"31":0,"32":0,"33":0,"34":0,"35":0,"36":0,"37":0,"38":0,"39":0,"40":1,"41":0,"42":0,"43":0,"44":0,"45":0,"46":0,"47":0,"48":0,"49":0,"50":0,"51":1},"f":{"0":0,"1":0,"2":0,"3":0,"4":0},"b":{"0":[0,0],"1":[0,0],"2":[0,0]},"_coverageSchema":"1a1c01bbd47fc00a2c39e90264f33305004495a9","hash":"39cce2688375d95b85705b803f48dc2799de65da"}
}
