TN:
SF:main.js
FN:55,(anonymous_0)
FN:64,startServer
FN:72,(anonymous_2)
FNF:3
FNH:1
FNDA:0,(anonymous_0)
FNDA:1,startServer
FNDA:0,(anonymous_2)
DA:1,1
DA:2,1
DA:3,1
DA:4,1
DA:5,1
DA:6,1
DA:8,1
DA:9,1
DA:10,1
DA:11,1
DA:12,1
DA:13,1
DA:14,1
DA:15,1
DA:16,1
DA:17,1
DA:18,1
DA:19,1
DA:20,1
DA:21,1
DA:24,1
DA:48,1
DA:49,1
DA:55,1
DA:56,0
DA:65,1
DA:67,1
DA:69,1
DA:71,1
DA:72,1
DA:73,0
DA:76,0
DA:79,0
DA:80,0
DA:85,1
DA:87,1
LF:36
LH:31
BRDA:69,0,0,1
BRDA:69,0,1,0
BRDA:71,1,0,1
BRDA:71,1,1,1
BRF:4
BRH:3
end_of_record
TN:
SF:database\database.js
FN:7,connectToDatabase
FN:25,getDB
FNF:2
FNH:2
FNDA:2,connectToDatabase
FNDA:3,getDB
DA:1,1
DA:2,1
DA:5,1
DA:8,2
DA:9,2
DA:17,2
DA:19,0
DA:20,0
DA:21,0
DA:26,3
DA:27,2
DA:29,3
DA:32,1
LF:13
LH:10
BRDA:26,0,0,2
BRDA:26,0,1,1
BRF:2
BRH:2
end_of_record
TN:
SF:route\citron\citronbleu.js
FN:45,(anonymous_0)
FN:108,(anonymous_1)
FNF:2
FNH:0
FNDA:0,(anonymous_0)
FNDA:0,(anonymous_1)
DA:1,1
DA:2,1
DA:3,1
DA:45,1
DA:46,0
DA:47,0
DA:49,0
DA:50,0
DA:52,0
DA:53,0
DA:54,0
DA:58,0
DA:60,0
DA:62,0
DA:63,0
DA:108,1
DA:109,0
DA:110,0
DA:112,0
DA:113,0
DA:115,0
DA:116,0
DA:117,0
DA:121,0
DA:123,0
DA:125,0
DA:126,0
DA:132,1
LF:28
LH:6
BRDA:53,0,0,0
BRDA:53,0,1,0
BRDA:116,1,0,0
BRDA:116,1,1,0
BRF:4
BRH:0
end_of_record
TN:
SF:route\citron\citronorange.js
FN:45,(anonymous_0)
FN:108,(anonymous_1)
FNF:2
FNH:0
FNDA:0,(anonymous_0)
FNDA:0,(anonymous_1)
DA:1,1
DA:2,1
DA:3,1
DA:45,1
DA:46,0
DA:47,0
DA:49,0
DA:50,0
DA:52,0
DA:53,0
DA:54,0
DA:58,0
DA:60,0
DA:62,0
DA:63,0
DA:108,1
DA:109,0
DA:110,0
DA:112,0
DA:113,0
DA:115,0
DA:116,0
DA:117,0
DA:121,0
DA:123,0
DA:125,0
DA:126,0
DA:132,1
LF:28
LH:6
BRDA:53,0,0,0
BRDA:53,0,1,0
BRDA:116,1,0,0
BRDA:116,1,1,0
BRF:4
BRH:0
end_of_record
TN:
SF:route\citron\citronrouge.js
FN:45,(anonymous_0)
FN:108,(anonymous_1)
FNF:2
FNH:0
FNDA:0,(anonymous_0)
FNDA:0,(anonymous_1)
DA:1,1
DA:2,1
DA:3,1
DA:45,1
DA:46,0
DA:47,0
DA:49,0
DA:50,0
DA:52,0
DA:53,0
DA:54,0
DA:58,0
DA:60,0
DA:62,0
DA:63,0
DA:108,1
DA:109,0
DA:110,0
DA:112,0
DA:113,0
DA:115,0
DA:116,0
DA:117,0
DA:121,0
DA:123,0
DA:125,0
DA:126,0
DA:132,1
LF:28
LH:6
BRDA:53,0,0,0
BRDA:53,0,1,0
BRDA:116,1,0,0
BRDA:116,1,1,0
BRF:4
BRH:0
end_of_record
TN:
SF:route\citron\citronvert.js
FN:47,(anonymous_0)
FN:119,(anonymous_1)
FNF:2
FNH:1
FNDA:0,(anonymous_0)
FNDA:2,(anonymous_1)
DA:3,1
DA:4,1
DA:5,1
DA:47,1
DA:48,0
DA:49,0
DA:51,0
DA:52,0
DA:54,0
DA:55,0
DA:56,0
DA:63,0
DA:65,0
DA:70,0
DA:71,0
DA:119,1
DA:120,2
DA:121,2
DA:123,2
DA:124,2
DA:126,2
DA:127,2
DA:128,1
DA:135,1
DA:137,1
DA:142,0
DA:143,0
DA:153,1
LF:28
LH:15
BRDA:55,0,0,0
BRDA:55,0,1,0
BRDA:127,1,0,1
BRDA:127,1,1,1
BRF:4
BRH:2
end_of_record
TN:
SF:route\lieu\lieu.js
FN:48,(anonymous_0)
FN:109,(anonymous_1)
FN:194,(anonymous_2)
FN:284,(anonymous_3)
FN:349,(anonymous_4)
FN:409,(anonymous_5)
FN:463,(anonymous_6)
FNF:7
FNH:0
FNDA:0,(anonymous_0)
FNDA:0,(anonymous_1)
FNDA:0,(anonymous_2)
FNDA:0,(anonymous_3)
FNDA:0,(anonymous_4)
FNDA:0,(anonymous_5)
FNDA:0,(anonymous_6)
DA:3,1
DA:4,1
DA:5,1
DA:48,1
DA:49,0
DA:50,0
DA:51,0
DA:52,0
DA:57,0
DA:58,0
DA:109,1
DA:110,0
DA:111,0
DA:112,0
DA:113,0
DA:114,0
DA:115,0
DA:120,0
DA:125,0
DA:126,0
DA:194,1
DA:201,0
DA:203,0
DA:204,0
DA:206,0
DA:207,0
DA:208,0
DA:215,0
DA:216,0
DA:218,0
DA:228,0
DA:229,0
DA:284,1
DA:285,0
DA:292,0
DA:295,0
DA:296,0
DA:302,0
DA:303,0
DA:305,0
DA:306,0
DA:307,0
DA:314,0
DA:315,0
DA:320,0
DA:321,0
DA:349,1
DA:350,0
DA:351,0
DA:352,0
DA:354,0
DA:355,0
DA:356,0
DA:363,0
DA:364,0
DA:369,0
DA:370,0
DA:409,1
DA:410,0
DA:411,0
DA:412,0
DA:415,0
DA:417,0
DA:422,0
DA:423,0
DA:463,1
DA:464,0
DA:465,0
DA:466,0
DA:469,0
DA:471,0
DA:476,0
DA:477,0
DA:486,1
LF:74
LH:11
BRDA:114,0,0,0
BRDA:114,0,1,0
BRDA:207,1,0,0
BRDA:207,1,1,0
BRDA:295,2,0,0
BRDA:295,2,1,0
BRDA:295,3,0,0
BRDA:295,3,1,0
BRDA:295,3,2,0
BRDA:295,3,3,0
BRDA:295,3,4,0
BRDA:306,4,0,0
BRDA:306,4,1,0
BRDA:355,5,0,0
BRDA:355,5,1,0
BRF:15
BRH:0
end_of_record
TN:
SF:route\parkour\parkour.js
FN:19,(anonymous_0)
FN:51,(anonymous_1)
FN:112,(anonymous_2)
FN:131,(anonymous_3)
FN:200,(anonymous_4)
FN:238,(anonymous_5)
FNF:6
FNH:0
FNDA:0,(anonymous_0)
FNDA:0,(anonymous_1)
FNDA:0,(anonymous_2)
FNDA:0,(anonymous_3)
FNDA:0,(anonymous_4)
FNDA:0,(anonymous_5)
DA:1,1
DA:2,1
DA:3,1
DA:19,1
DA:20,0
DA:21,0
DA:22,0
DA:23,0
DA:25,0
DA:26,0
DA:51,1
DA:52,0
DA:53,0
DA:54,0
DA:55,0
DA:56,0
DA:57,0
DA:59,0
DA:61,0
DA:62,0
DA:112,1
DA:113,0
DA:116,0
DA:117,0
DA:120,0
DA:121,0
DA:123,0
DA:131,0
DA:132,0
DA:136,0
DA:137,0
DA:138,0
DA:142,0
DA:144,0
DA:146,0
DA:147,0
DA:200,1
DA:201,0
DA:202,0
DA:203,0
DA:204,0
DA:205,0
DA:206,0
DA:207,0
DA:209,0
DA:210,0
DA:212,0
DA:213,0
DA:238,1
DA:239,0
DA:240,0
DA:241,0
DA:242,0
DA:243,0
DA:244,0
DA:246,0
DA:247,0
DA:249,0
DA:250,0
DA:256,1
LF:60
LH:9
BRDA:56,0,0,0
BRDA:56,0,1,0
BRDA:116,1,0,0
BRDA:116,1,1,0
BRDA:116,2,0,0
BRDA:116,2,1,0
BRDA:116,2,2,0
BRDA:116,2,3,0
BRDA:116,2,4,0
BRDA:116,2,5,0
BRDA:116,2,6,0
BRDA:131,3,0,0
BRDA:131,3,1,0
BRDA:137,4,0,0
BRDA:137,4,1,0
BRDA:206,5,0,0
BRDA:206,5,1,0
BRDA:243,6,0,0
BRDA:243,6,1,0
BRF:19
BRH:0
end_of_record
TN:
SF:route\party\party.js
FN:23,(anonymous_0)
FN:90,(anonymous_1)
FN:143,(anonymous_2)
FN:222,(anonymous_3)
FN:277,(anonymous_4)
FN:328,(anonymous_5)
FNF:6
FNH:0
FNDA:0,(anonymous_0)
FNDA:0,(anonymous_1)
FNDA:0,(anonymous_2)
FNDA:0,(anonymous_3)
FNDA:0,(anonymous_4)
FNDA:0,(anonymous_5)
DA:1,1
DA:2,1
DA:3,1
DA:23,1
DA:24,0
DA:25,0
DA:27,0
DA:30,0
DA:32,0
DA:33,0
DA:90,1
DA:91,0
DA:92,0
DA:93,0
DA:94,0
DA:96,0
DA:97,0
DA:103,0
DA:105,0
DA:106,0
DA:143,1
DA:147,0
DA:148,0
DA:150,0
DA:151,0
DA:152,0
DA:153,0
DA:160,0
DA:161,0
DA:162,0
DA:169,0
DA:171,0
DA:176,0
DA:177,0
DA:222,1
DA:223,0
DA:224,0
DA:225,0
DA:226,0
DA:228,0
DA:229,0
DA:230,0
DA:234,0
DA:235,0
DA:236,0
DA:240,0
DA:241,0
DA:242,0
DA:246,0
DA:247,0
DA:249,0
DA:250,0
DA:277,1
DA:278,0
DA:279,0
DA:280,0
DA:282,0
DA:287,0
DA:288,0
DA:328,1
DA:329,0
DA:330,0
DA:331,0
DA:334,0
DA:336,0
DA:341,0
DA:342,0
DA:349,1
LF:68
LH:10
BRDA:96,0,0,0
BRDA:96,0,1,0
BRDA:152,1,0,0
BRDA:152,1,1,0
BRDA:161,2,0,0
BRDA:161,2,1,0
BRDA:229,3,0,0
BRDA:229,3,1,0
BRDA:235,4,0,0
BRDA:235,4,1,0
BRDA:241,5,0,0
BRDA:241,5,1,0
BRF:12
BRH:0
end_of_record
TN:
SF:route\type\type.js
FN:40,(anonymous_0)
FN:89,(anonymous_1)
FN:141,(anonymous_2)
FN:213,(anonymous_3)
FN:274,(anonymous_4)
FNF:5
FNH:0
FNDA:0,(anonymous_0)
FNDA:0,(anonymous_1)
FNDA:0,(anonymous_2)
FNDA:0,(anonymous_3)
FNDA:0,(anonymous_4)
DA:3,1
DA:4,1
DA:5,1
DA:40,1
DA:41,0
DA:42,0
DA:43,0
DA:44,0
DA:49,0
DA:50,0
DA:89,1
DA:90,0
DA:92,0
DA:93,0
DA:95,0
DA:96,0
DA:97,0
DA:104,0
DA:109,0
DA:110,0
DA:141,1
DA:144,0
DA:147,0
DA:148,0
DA:154,0
DA:155,0
DA:157,0
DA:158,0
DA:163,0
DA:164,0
DA:213,1
DA:214,0
DA:217,0
DA:220,0
DA:221,0
DA:227,0
DA:228,0
DA:230,0
DA:231,0
DA:232,0
DA:239,0
DA:240,0
DA:245,0
DA:246,0
DA:274,1
DA:275,0
DA:276,0
DA:277,0
DA:279,0
DA:280,0
DA:281,0
DA:288,0
DA:289,0
DA:294,0
DA:295,0
DA:302,1
LF:56
LH:9
BRDA:96,0,0,0
BRDA:96,0,1,0
BRDA:147,1,0,0
BRDA:147,1,1,0
BRDA:220,2,0,0
BRDA:220,2,1,0
BRDA:231,3,0,0
BRDA:231,3,1,0
BRDA:280,4,0,0
BRDA:280,4,1,0
BRF:10
BRH:0
end_of_record
TN:
SF:route\user\user.js
FN:43,(anonymous_0)
FN:71,(anonymous_1)
FN:120,(anonymous_2)
FN:209,(anonymous_3)
FN:321,(anonymous_4)
FN:392,(anonymous_5)
FN:461,(anonymous_6)
FNF:7
FNH:0
FNDA:0,(anonymous_0)
FNDA:0,(anonymous_1)
FNDA:0,(anonymous_2)
FNDA:0,(anonymous_3)
FNDA:0,(anonymous_4)
FNDA:0,(anonymous_5)
FNDA:0,(anonymous_6)
DA:3,1
DA:4,1
DA:5,1
DA:43,1
DA:44,0
DA:46,0
DA:47,0
DA:48,0
DA:52,0
DA:53,0
DA:71,1
DA:72,0
DA:73,0
DA:74,0
DA:75,0
DA:80,0
DA:81,0
DA:120,1
DA:121,0
DA:123,0
DA:124,0
DA:126,0
DA:127,0
DA:128,0
DA:135,0
DA:140,0
DA:141,0
DA:209,1
DA:210,0
DA:217,0
DA:219,0
DA:220,0
DA:225,0
DA:226,0
DA:231,0
DA:232,0
DA:237,0
DA:238,0
DA:244,0
DA:245,0
DA:249,0
DA:252,0
DA:254,0
DA:255,0
DA:256,0
DA:263,0
DA:265,0
DA:266,0
DA:272,0
DA:274,0
DA:278,0
DA:279,0
DA:321,1
DA:322,0
DA:323,0
DA:324,0
DA:326,0
DA:327,0
DA:328,0
DA:335,0
DA:337,0
DA:342,0
DA:343,0
DA:392,1
DA:393,0
DA:394,0
DA:396,0
DA:397,0
DA:399,0
DA:400,0
DA:401,0
DA:408,0
DA:410,0
DA:415,0
DA:416,0
DA:461,1
DA:462,0
DA:463,0
DA:465,0
DA:466,0
DA:468,0
DA:469,0
DA:470,0
DA:476,0
DA:478,0
DA:483,0
DA:484,0
DA:493,1
LF:88
LH:11
BRDA:127,0,0,0
BRDA:127,0,1,0
BRDA:219,1,0,0
BRDA:219,1,1,0
BRDA:225,2,0,0
BRDA:225,2,1,0
BRDA:231,3,0,0
BRDA:231,3,1,0
BRDA:237,4,0,0
BRDA:237,4,1,0
BRDA:244,5,0,0
BRDA:244,5,1,0
BRDA:254,6,0,0
BRDA:254,6,1,0
BRDA:265,7,0,0
BRDA:265,7,1,0
BRDA:327,8,0,0
BRDA:327,8,1,0
BRDA:400,9,0,0
BRDA:400,9,1,0
BRDA:469,10,0,0
BRDA:469,10,1,0
BRF:22
BRH:0
end_of_record
TN:
SF:route\utils\utils.js
FN:51,(anonymous_0)
FN:136,(anonymous_1)
FNF:2
FNH:0
FNDA:0,(anonymous_0)
FNDA:0,(anonymous_1)
DA:1,1
DA:2,1
DA:3,1
DA:51,1
DA:52,0
DA:53,0
DA:54,0
DA:56,0
DA:59,0
DA:60,0
DA:66,0
DA:67,0
DA:68,0
DA:69,0
DA:74,0
DA:81,0
DA:82,0
DA:136,1
DA:137,0
DA:138,0
DA:139,0
DA:140,0
DA:142,0
DA:145,0
DA:146,0
DA:152,0
DA:153,0
DA:154,0
DA:155,0
DA:160,0
DA:167,0
DA:168,0
DA:177,1
LF:33
LH:6
BRDA:59,0,0,0
BRDA:59,0,1,0
BRDA:68,1,0,0
BRDA:68,1,1,0
BRDA:145,2,0,0
BRDA:145,2,1,0
BRDA:154,3,0,0
BRDA:154,3,1,0
BRF:8
BRH:0
end_of_record
TN:
SF:route\ville\ville.js
FN:32,(anonymous_0)
FN:82,(anonymous_1)
FN:143,(anonymous_2)
FN:208,(anonymous_3)
FN:271,(anonymous_4)
FNF:5
FNH:0
FNDA:0,(anonymous_0)
FNDA:0,(anonymous_1)
FNDA:0,(anonymous_2)
FNDA:0,(anonymous_3)
FNDA:0,(anonymous_4)
DA:3,1
DA:4,1
DA:5,1
DA:32,1
DA:33,0
DA:34,0
DA:36,0
DA:37,0
DA:42,0
DA:43,0
DA:82,1
DA:83,0
DA:85,0
DA:86,0
DA:88,0
DA:89,0
DA:90,0
DA:95,0
DA:100,0
DA:101,0
DA:143,1
DA:144,0
DA:146,0
DA:147,0
DA:149,0
DA:151,0
DA:156,0
DA:157,0
DA:208,1
DA:209,0
DA:210,0
DA:212,0
DA:213,0
DA:215,0
DA:216,0
DA:217,0
DA:224,0
DA:226,0
DA:231,0
DA:232,0
DA:271,1
DA:272,0
DA:274,0
DA:275,0
DA:277,0
DA:278,0
DA:279,0
DA:286,0
DA:288,0
DA:293,0
DA:294,0
DA:304,1
LF:52
LH:9
BRDA:89,0,0,0
BRDA:89,0,1,0
BRDA:216,1,0,0
BRDA:216,1,1,0
BRDA:278,2,0,0
BRDA:278,2,1,0
BRF:6
BRH:0
end_of_record
